2023/06/03 21:13:54 cmd.Run() failed with exit status 1
%!(EXTRA string='c' ڲⲿҲǿеĳ
ļ
'm' ڲⲿҲǿеĳ
ļ
'c' ڲⲿҲǿеĳ
ļ
'm' ڲⲿҲǿеĳ
ļ
)
2023/06/03 21:18:21 cmd.Run() failed with exit status 1
%!(EXTRA string='c' ڲⲿҲǿеĳ
ļ
'm' ڲⲿҲǿеĳ
ļ
'c' ڲⲿҲǿеĳ
ļ
'm' ڲⲿҲǿеĳ
ļ
)
2023/06/03 21:54:41 运行结束
2023/06/03 21:54:42 运行结束
2023/06/03 21:55:55 运行结束
2023/06/03 22:02:26 运行结束
2023/06/03 22:02:26 运行结束
2023/06/03 22:02:52 运行结束
2023/06/03 22:02:53 运行结束
2023/06/11 00:08:03 
2023/06/11 00:08:11 运行结束
2023/06/11 00:11:45 
2023/06/11 00:12:01 运行结束
2023/06/11 00:15:11 
2023/06/11 00:15:17 运行结束
2023/06/11 00:18:23 
2023/06/11 00:18:59 运行结束
2023/06/11 00:19:39 
2023/06/11 00:20:24 
2023/06/11 00:21:21 运行结束
2023/06/11 00:21:36 
2023/06/11 00:21:51 运行结束
2023/06/11 00:22:25 
2023/06/11 00:23:20 运行结束
2023/06/11 00:23:35 
2023/06/11 00:23:58 
2023/06/11 00:24:23 
2023/06/11 00:25:15 运行结束
2023/06/11 00:25:31 
2023/06/11 00:25:53 
2023/06/11 00:26:29 运行结束
2023/06/11 00:26:29 
2023/06/11 00:26:43 运行结束
2023/06/11 00:26:44 
2023/06/11 00:26:58 运行结束
2023/06/11 00:27:14 
2023/06/11 00:27:28 运行结束
2023/06/11 00:27:44 
2023/06/11 00:28:20 运行结束
2023/06/11 00:28:20 
2023/06/11 00:28:35 运行结束
2023/06/11 00:28:35 
2023/06/11 00:28:50 运行结束
2023/06/11 00:50:15 
2023/06/11 00:50:30 运行结束
2023/06/11 00:50:30 
2023/06/11 00:50:45 运行结束
2023/06/11 00:50:45 
2023/06/11 00:50:59 运行结束
2023/06/11 00:50:59 
2023/06/11 00:51:14 运行结束
2023/06/11 00:51:14 
2023/06/11 00:51:29 运行结束
2023/06/11 00:51:29 
2023/06/11 00:51:43 运行结束
2023/06/11 00:51:43 
2023/06/11 00:51:58 运行结束
2023/06/11 00:51:58 
2023/06/11 00:52:13 运行结束
2023/06/11 00:52:13 
2023/06/11 00:52:27 运行结束
2023/06/11 00:52:27 
2023/06/11 00:52:42 运行结束
2023/06/11 00:52:42 
2023/06/11 00:52:57 运行结束
2023/06/11 00:52:57 
2023/06/11 00:53:12 运行结束
2023/06/11 00:53:12 
2023/06/11 00:53:26 运行结束
2023/06/11 00:53:26 
2023/06/11 00:53:26 运行结束
2023/06/11 00:53:26 
2023/06/11 00:53:27 运行结束
2023/06/11 00:53:27 
2023/06/11 00:53:27 运行结束
2023/06/11 00:53:27 
2023/06/11 00:53:27 运行结束
2023/06/11 00:53:27 
2023/06/11 00:53:28 运行结束
2023/06/11 00:53:28 
2023/06/11 00:53:28 运行结束
2023/06/11 00:53:28 
2023/06/11 00:53:43 运行结束
2023/06/11 00:53:43 
2023/06/11 00:53:58 运行结束
2023/06/11 00:53:58 
2023/06/11 00:54:13 运行结束
2023/06/11 00:54:13 
2023/06/11 00:54:27 运行结束
2023/06/11 00:54:27 
2023/06/11 00:54:27 运行结束
2023/06/11 00:54:27 
2023/06/11 00:54:42 运行结束
2023/06/11 00:54:42 
2023/06/11 00:54:57 运行结束
2023/06/11 00:54:57 
2023/06/11 00:56:46 
2023/06/11 00:57:08 
2023/06/11 00:57:45 运行结束
2023/06/11 00:57:45 
2023/06/11 00:57:59 运行结束
2023/06/11 00:57:59 
2023/06/11 00:58:14 运行结束
2023/06/11 01:03:44 
2023/06/11 01:03:49 运行结束
2023/06/11 01:03:49 
2023/06/11 01:03:55 运行结束
2023/06/11 01:03:55 
2023/06/11 01:04:00 运行结束
2023/06/11 01:04:00 
2023/06/11 01:04:06 运行结束
2023/06/11 01:04:06 
2023/06/11 01:04:11 运行结束
2023/06/11 01:04:11 
2023/06/11 01:04:17 运行结束
2023/06/11 01:04:17 
2023/06/11 01:04:23 运行结束
2023/06/11 01:04:23 
2023/06/11 01:04:28 运行结束
2023/06/11 01:04:28 
2023/06/11 01:04:34 运行结束
2023/06/11 01:04:34 
2023/06/11 01:04:40 运行结束
2023/06/11 01:04:40 
2023/06/11 01:04:40 运行结束
2023/06/11 01:04:40 
2023/06/11 01:04:46 运行结束
2023/06/11 01:04:46 
2023/06/11 01:04:51 运行结束
2023/06/11 01:04:51 
2023/06/11 01:04:57 运行结束
2023/06/11 01:04:57 
2023/06/11 01:04:57 运行结束
2023/06/11 01:04:57 
2023/06/11 01:04:57 运行结束
2023/06/11 01:04:57 
2023/06/11 01:04:58 运行结束
2023/06/11 01:04:58 
2023/06/11 01:04:58 运行结束
2023/06/11 01:04:58 
2023/06/11 01:04:59 运行结束
2023/06/11 01:04:59 
2023/06/11 01:05:04 运行结束
2023/06/11 01:05:04 
2023/06/11 01:05:10 运行结束
2023/06/11 01:05:10 
2023/06/11 01:05:16 运行结束
2023/06/11 01:05:16 
2023/06/11 01:05:16 运行结束
2023/06/11 01:05:16 
2023/06/11 01:05:22 运行结束
2023/06/11 01:05:22 
2023/06/11 01:05:27 运行结束
2023/06/11 01:05:27 
2023/06/11 01:05:33 运行结束
2023/06/11 01:05:33 
2023/06/11 01:05:38 运行结束
2023/06/11 01:05:38 
2023/06/11 01:05:44 运行结束
2023/06/11 01:05:44 
2023/06/11 01:05:49 运行结束
2023/06/11 01:05:49 
2023/06/11 01:05:55 运行结束
2023/06/11 01:05:55 
2023/06/11 01:06:00 运行结束
2023/06/11 01:06:00 
2023/06/11 01:06:06 运行结束
2023/06/11 01:06:06 
2023/06/11 01:06:12 运行结束
2023/06/11 01:06:12 
2023/06/11 01:06:17 运行结束
2023/06/11 01:06:17 
2023/06/11 01:06:23 运行结束
2023/06/11 01:06:23 
2023/06/11 01:06:28 运行结束
2023/06/11 01:06:29 
2023/06/11 01:06:29 运行结束
2023/06/11 01:06:29 
2023/06/11 01:06:34 运行结束
2023/06/11 01:06:34 
2023/06/11 01:06:40 运行结束
2023/06/11 01:06:40 
2023/06/11 01:06:46 运行结束
2023/06/11 01:06:46 
2023/06/11 01:06:51 运行结束
2023/06/11 01:06:51 
2023/06/11 01:06:57 运行结束
2023/06/11 01:06:57 
2023/06/11 01:07:02 运行结束
2023/06/11 01:07:02 
2023/06/11 01:07:08 运行结束
2023/06/11 01:07:08 
2023/06/11 01:07:14 运行结束
2023/06/11 01:07:14 
2023/06/11 01:07:19 运行结束
2023/06/11 01:07:19 
2023/06/11 01:07:25 运行结束
2023/06/11 01:07:25 
2023/06/11 01:07:30 运行结束
2023/06/11 01:07:30 
2023/06/11 01:07:31 运行结束
2023/06/11 01:07:31 
2023/06/11 01:07:36 运行结束
2023/06/11 01:07:36 
2023/06/11 01:07:37 运行结束
2023/06/11 01:07:37 
2023/06/11 01:07:37 运行结束
2023/06/11 01:07:37 
2023/06/11 01:07:37 运行结束
2023/06/11 01:07:37 
2023/06/11 01:07:38 运行结束
2023/06/11 01:07:56 
2023/06/11 01:08:54 运行结束
2023/06/11 01:09:12 
2023/06/11 01:30:53 
2023/06/11 01:31:07 运行结束
2023/06/11 01:31:23 
2023/06/11 01:34:13 
2023/06/11 01:34:28 运行结束
2023/06/11 01:35:55 
2023/06/11 01:36:01 运行结束
2023/06/11 01:45:52 
2023/06/11 01:45:57 运行结束
2023/06/11 01:49:34 
2023/06/11 01:49:49 运行结束
2023/06/11 01:49:49 
2023/06/11 01:50:04 运行结束
2023/06/11 01:50:04 
2023/06/11 01:50:18 运行结束
2023/06/11 01:50:18 
2023/06/11 01:50:33 运行结束
2023/06/11 01:50:33 
2023/06/11 01:50:47 运行结束
2023/06/11 01:50:47 
2023/06/11 01:51:02 运行结束
2023/06/11 01:54:19 
2023/06/11 01:54:33 运行结束
2023/06/11 01:54:33 
2023/06/11 01:54:48 运行结束
2023/06/11 16:37:22 
2023/06/11 16:37:28 运行结束
2023/06/11 16:37:43 
2023/06/11 16:37:49 运行结束
2023/06/11 16:38:04 
2023/06/11 16:38:19 运行结束
2023/06/11 16:38:37 
2023/06/11 16:39:28 运行结束
2023/06/11 16:39:46 
2023/06/11 16:40:45 运行结束
2023/06/11 16:41:02 
2023/06/11 16:41:54 运行结束
2023/06/11 16:42:26 
2023/06/11 16:43:51 
2023/06/11 16:44:06 运行结束
2023/06/11 16:44:22 
2023/06/11 16:45:49 
2023/06/11 16:45:54 运行结束
2023/06/11 17:25:20 
2023/06/11 17:28:34 
2023/06/11 17:28:39 运行结束
2023/06/11 17:30:20 
2023/06/11 17:35:05 
2023/06/11 17:37:18 
2023/06/11 17:38:46 
2023/06/11 17:39:27 
2023/06/11 17:41:01 
2023/06/11 17:42:29 
2023/06/11 17:44:43 
2023/06/11 17:44:57 运行结束
2023/06/11 17:45:29 
2023/06/11 17:47:43 
2023/06/11 17:48:21 
2023/06/11 17:48:59 
2023/06/11 17:49:14 运行结束
2023/06/11 19:38:36 
2023/06/11 19:40:54 
2023/06/11 19:56:26 
2023/06/11 19:57:01 
2023/06/11 19:57:33 
2023/06/11 19:58:40 
2023/06/11 19:59:29 
2023/06/11 20:00:03 
2023/06/11 20:01:12 
2023/06/11 20:01:47 
2023/06/11 20:02:20 
2023/06/11 23:40:46 
2023/06/11 23:40:46 文件打开失败 =  open : The system cannot find the file specified.
2023/06/11 23:44:07 
2023/06/11 23:45:36 
2023/06/11 23:46:14 
2023/06/11 23:46:14 文件打开失败 =  open : The system cannot find the file specified.
2023/06/11 23:51:55 
2023/06/11 23:52:31 运行结束
2023/06/11 23:52:31 
2023/06/11 23:54:12 
2023/06/12 00:01:57 
2023/06/12 00:02:12 运行结束
2023/06/12 00:02:12 
2023/06/12 00:11:59 
2023/06/12 00:12:14 运行结束
2023/06/12 00:12:14 
2023/06/12 00:22:28 
2023/06/12 00:22:43 运行结束
2023/06/12 00:22:43 
2023/06/12 00:48:32 
2023/06/12 00:48:38 运行结束
2023/06/12 00:48:38 
2023/06/12 00:49:10 
2023/06/12 00:49:24 运行结束
2023/06/12 00:49:24 
2023/06/12 00:49:57 
2023/06/12 00:50:32 运行结束
2023/06/12 00:50:32 
2023/06/12 00:52:16 
2023/06/12 00:52:31 运行结束
2023/06/12 00:52:31 
2023/06/12 00:53:03 
2023/06/12 00:53:39 运行结束
2023/06/12 00:53:39 
2023/06/12 00:55:17 
2023/06/12 00:56:14 运行结束
2023/06/12 00:56:14 
2023/06/12 00:56:48 
2023/06/12 00:56:53 运行结束
2023/06/12 00:56:53 
2023/06/12 00:57:27 
2023/06/12 00:58:30 运行结束
2023/06/12 00:58:30 
2023/06/12 00:59:04 
2023/06/12 00:59:10 运行结束
2023/06/12 00:59:10 
2023/06/12 21:01:14 
2023/06/12 21:01:30 运行结束
2023/06/12 21:01:30 
2023/06/12 21:24:58 
2023/06/12 21:25:03 运行结束
2023/06/12 21:25:03 
2023/06/12 21:44:09 
2023/06/12 21:44:24 运行结束
2023/06/12 21:44:24 
2023/06/12 21:44:55 
2023/06/12 21:45:10 运行结束
2023/06/12 21:45:10 
2023/06/12 21:45:44 
2023/06/12 21:46:35 运行结束
2023/06/12 21:46:35 
2023/06/12 21:47:09 
2023/06/12 21:47:14 运行结束
2023/06/12 21:47:14 
2023/06/12 21:47:46 
2023/06/12 21:47:51 运行结束
2023/06/12 21:47:51 
2023/06/12 21:48:26 
2023/06/12 21:49:18 运行结束
2023/06/12 21:49:18 
2023/06/12 21:50:09 
2023/06/12 21:50:45 运行结束
2023/06/12 21:50:45 
2023/06/12 21:52:22 
2023/06/12 21:52:58 运行结束
2023/06/12 21:52:58 
2023/06/12 21:54:36 
2023/06/12 21:55:33 运行结束
2023/06/12 21:55:33 
2023/06/12 22:16:55 
2023/06/12 22:17:10 运行结束
2023/06/12 22:17:10 
2023/06/12 22:43:02 
2023/06/12 22:43:54 运行结束
2023/06/12 22:43:54 
2023/06/12 22:44:28 
2023/06/12 22:45:04 运行结束
2023/06/12 22:45:04 
2023/06/12 22:46:42 
2023/06/12 22:46:56 运行结束
2023/06/12 22:46:56 
2023/06/12 22:47:30 
2023/06/12 22:48:24 运行结束
2023/06/12 22:48:24 
2023/06/12 22:48:58 
2023/06/12 22:49:04 运行结束
2023/06/12 22:49:04 
2023/06/12 22:49:36 
2023/06/12 22:49:41 运行结束
2023/06/12 22:49:41 
2023/06/12 22:50:16 
2023/06/12 22:50:31 运行结束
2023/06/12 22:50:31 
2023/06/12 22:51:20 
2023/06/12 22:51:56 运行结束
2023/06/12 22:51:56 
2023/06/12 22:53:33 
2023/06/12 22:53:39 运行结束
2023/06/12 22:53:39 
2023/06/13 20:24:55 
2023/06/13 20:25:10 运行结束
2023/06/13 20:25:10 
2023/06/13 20:51:00 
2023/06/13 20:51:53 运行结束
2023/06/13 20:51:53 
2023/06/13 20:52:27 
2023/06/13 20:52:33 运行结束
2023/06/13 20:52:33 
2023/06/13 20:53:04 
2023/06/13 20:53:19 运行结束
2023/06/13 20:53:19 
2023/06/13 20:53:51 
2023/06/13 20:54:27 运行结束
2023/06/13 20:54:27 
2023/06/13 20:56:04 
2023/06/13 20:56:10 运行结束
2023/06/13 20:56:10 
2023/06/13 20:56:44 
2023/06/13 20:57:36 运行结束
2023/06/13 20:57:36 
2023/06/13 20:58:10 
2023/06/13 20:58:15 运行结束
2023/06/13 20:58:15 
2023/06/13 20:58:47 
2023/06/13 20:59:02 运行结束
2023/06/13 20:59:02 
2023/06/13 20:59:50 
2023/06/13 21:00:26 运行结束
2023/06/13 21:00:26 
2023/06/15 20:43:17 
2023/06/15 20:43:23 运行结束
2023/06/15 20:43:23 
2023/06/15 21:02:34 
2023/06/15 21:03:10 运行结束
2023/06/15 21:03:10 
2023/06/15 21:04:46 
2023/06/15 21:05:22 运行结束
2023/06/15 21:05:22 
2023/06/15 21:07:01 
2023/06/15 21:08:00 运行结束
2023/06/15 21:08:00 
2023/06/15 21:08:36 
2023/06/15 21:09:34 运行结束
2023/06/15 21:09:34 
2023/06/15 21:10:11 
2023/06/15 21:11:08 运行结束
2023/06/15 21:11:08 
2023/06/15 21:13:41 
2023/06/15 21:13:46 运行结束
2023/06/15 21:13:46 
2023/06/15 21:14:18 
2023/06/15 21:14:24 运行结束
2023/06/15 21:14:24 
2023/06/15 21:14:56 
2023/06/15 21:15:10 运行结束
2023/06/15 21:15:10 
2023/06/15 21:15:42 
2023/06/15 21:15:57 运行结束
2023/06/15 21:15:57 
2023/06/15 21:27:10 文件打开失败 =  open : The system cannot find the file specified.
2023/06/15 21:33:34 文件打开失败 =  open : The system cannot find the file specified.
2023/06/15 21:43:33 
2023/06/15 21:44:09 运行结束
2023/06/15 21:44:09 
2023/06/15 21:44:24 运行结束
2023/06/15 21:44:24 
2023/06/15 21:44:39 运行结束
2023/06/15 21:44:54 
2023/06/15 21:45:00 运行结束
2023/06/15 21:45:18 
2023/06/15 21:46:15 运行结束
2023/06/15 21:46:31 
2023/06/15 21:46:36 运行结束
2023/06/15 21:46:52 
2023/06/15 21:47:07 运行结束
2023/06/15 21:47:25 
2023/06/15 21:48:18 运行结束
2023/06/15 21:48:36 
2023/06/15 21:49:33 运行结束
2023/06/15 21:49:49 
2023/06/15 21:49:55 运行结束
2023/06/15 21:50:10 
2023/06/15 21:50:25 运行结束
2023/06/15 21:50:58 
2023/06/15 21:51:34 运行结束
2023/06/15 21:51:34 
2023/06/15 21:51:49 运行结束
2023/06/15 21:51:49 
2023/06/15 21:52:03 运行结束
2023/06/15 21:52:03 文件打开失败 =  open : The system cannot find the file specified.
2023/06/15 21:55:22 
2023/06/15 21:55:37 运行结束
2023/06/15 21:55:37 
2023/06/15 21:55:52 运行结束
2023/06/15 21:55:52 
2023/06/15 21:56:07 运行结束
2023/06/15 21:56:07 
2023/06/15 21:56:21 运行结束
2023/06/15 21:56:21 
2023/06/15 21:56:36 运行结束
2023/06/15 21:56:36 
2023/06/15 21:56:51 运行结束
2023/06/15 21:56:51 
2023/06/15 21:57:05 运行结束
2023/06/15 21:57:05 
2023/06/15 21:57:20 运行结束
2023/06/15 21:57:20 
2023/06/15 21:57:35 运行结束
2023/06/15 21:57:35 
2023/06/15 21:57:50 运行结束
2023/06/15 21:57:50 
2023/06/15 21:58:04 运行结束
2023/06/15 21:58:04 
2023/06/15 21:58:05 运行结束
2023/06/15 21:58:05 
2023/06/15 21:58:05 运行结束
2023/06/15 21:58:05 
2023/06/15 21:58:20 运行结束
2023/06/15 21:58:20 
2023/06/15 21:58:35 运行结束
2023/06/15 21:58:35 
2023/06/15 21:58:35 运行结束
2023/06/15 21:58:35 
2023/06/15 21:58:35 运行结束
2023/06/15 21:58:36 
2023/06/15 21:58:36 运行结束
2023/06/15 21:58:36 
2023/06/15 21:58:37 运行结束
2023/06/15 21:58:37 
2023/06/15 21:58:52 运行结束
2023/06/15 21:58:52 
2023/06/15 21:59:07 运行结束
2023/06/15 21:59:07 
2023/06/15 21:59:21 运行结束
2023/06/15 21:59:21 
2023/06/15 21:59:36 运行结束
2023/06/15 21:59:36 
2023/06/15 21:59:36 运行结束
2023/06/15 21:59:36 
2023/06/15 21:59:51 运行结束
2023/06/15 21:59:51 
2023/06/15 22:00:06 运行结束
2023/06/15 22:00:06 
2023/06/15 22:00:21 运行结束
2023/06/15 22:00:21 
2023/06/15 22:00:35 运行结束
2023/06/15 22:00:36 
2023/06/15 22:00:50 运行结束
2023/06/15 22:00:50 
2023/06/15 22:01:05 运行结束
2023/06/15 22:01:05 
2023/06/15 22:01:20 运行结束
2023/06/15 22:01:20 
2023/06/15 22:01:34 运行结束
2023/06/15 22:01:34 
2023/06/15 22:01:49 运行结束
2023/06/15 22:01:49 
2023/06/15 22:02:04 运行结束
2023/06/15 22:02:04 
2023/06/15 22:02:04 运行结束
2023/06/15 22:02:04 
2023/06/15 22:02:19 运行结束
2023/06/15 22:02:19 
2023/06/15 22:02:55 运行结束
2023/06/15 22:02:55 
2023/06/15 22:03:10 运行结束
2023/06/15 22:03:10 
2023/06/15 22:03:24 运行结束
2023/06/15 22:03:24 
2023/06/15 22:03:39 运行结束
2023/06/15 22:03:39 
2023/06/15 22:03:54 运行结束
2023/06/15 22:03:54 
2023/06/15 22:04:09 运行结束
2023/06/15 22:04:09 
2023/06/15 22:04:23 运行结束
2023/06/15 22:04:23 
2023/06/15 22:04:38 运行结束
2023/06/15 22:04:38 
2023/06/15 22:04:53 运行结束
2023/06/15 22:04:53 
2023/06/15 22:05:08 运行结束
2023/06/15 22:05:08 
2023/06/15 22:05:22 运行结束
2023/06/15 22:05:22 
2023/06/15 22:05:37 运行结束
2023/06/15 22:05:37 
2023/06/15 22:05:52 运行结束
2023/06/15 22:05:52 
2023/06/15 22:05:52 运行结束
2023/06/15 22:05:52 
2023/06/15 22:05:53 运行结束
2023/06/15 22:05:53 
2023/06/15 22:05:53 运行结束
2023/06/15 22:05:53 
2023/06/15 22:05:54 运行结束
2023/06/15 22:05:54 
2023/06/15 22:05:54 运行结束
2023/06/15 22:06:10 
2023/06/15 22:06:16 运行结束
2023/06/15 22:06:33 
2023/06/15 22:07:31 运行结束
2023/06/15 22:07:47 
2023/06/15 22:07:53 运行结束
2023/06/15 22:08:08 
2023/06/15 22:08:23 运行结束
2023/06/15 22:08:40 
2023/06/15 22:09:32 运行结束
2023/06/15 22:09:48 
2023/06/15 22:09:54 运行结束
2023/06/15 22:10:11 
2023/06/15 22:11:09 运行结束
2023/06/15 22:11:41 
2023/06/15 22:12:17 运行结束
2023/06/15 22:12:17 
2023/06/15 22:12:32 运行结束
2023/06/15 22:12:32 
2023/06/15 22:12:47 运行结束
2023/06/15 22:13:02 
2023/06/15 22:13:17 运行结束
2023/06/15 22:13:17 文件打开失败 =  open : The system cannot find the file specified.
2023/06/15 23:25:09 
2023/06/15 23:25:24 运行结束
2023/06/15 23:25:24 
2023/06/15 23:25:39 运行结束
2023/06/15 23:25:39 
2023/06/15 23:25:54 运行结束
2023/06/15 23:25:54 
2023/06/15 23:26:08 运行结束
2023/06/15 23:26:09 
2023/06/15 23:26:24 运行结束
2023/06/15 23:26:24 
2023/06/15 23:26:39 运行结束
2023/06/15 23:26:39 
2023/06/15 23:26:53 运行结束
2023/06/15 23:26:54 
2023/06/15 23:27:08 运行结束
2023/06/15 23:27:09 
2023/06/15 23:27:23 运行结束
2023/06/15 23:27:24 
2023/06/15 23:27:38 运行结束
2023/06/15 23:27:39 
2023/06/15 23:27:53 运行结束
2023/06/15 23:27:54 
2023/06/15 23:28:08 运行结束
2023/06/15 23:28:09 
2023/06/15 23:28:09 运行结束
2023/06/15 23:28:09 
2023/06/15 23:28:10 运行结束
2023/06/15 23:28:10 
2023/06/15 23:28:25 运行结束
2023/06/15 23:28:25 
2023/06/15 23:28:26 运行结束
2023/06/15 23:28:26 
2023/06/15 23:28:26 运行结束
2023/06/15 23:28:27 
2023/06/15 23:28:27 运行结束
2023/06/15 23:28:27 
2023/06/15 23:28:28 运行结束
2023/06/15 23:28:28 
2023/06/15 23:29:26 运行结束
2023/06/15 23:29:27 
2023/06/15 23:29:41 运行结束
2023/06/15 23:29:42 
2023/06/15 23:29:56 运行结束
2023/06/15 23:29:57 
2023/06/15 23:30:16 运行结束
2023/06/15 23:30:17 
2023/06/15 23:30:17 运行结束
2023/06/15 23:30:17 
2023/06/15 23:30:32 运行结束
2023/06/15 23:30:32 
2023/06/15 23:30:47 运行结束
2023/06/15 23:30:47 
2023/06/15 23:31:02 运行结束
2023/06/15 23:31:02 
2023/06/15 23:31:17 运行结束
2023/06/15 23:31:17 
2023/06/15 23:31:32 运行结束
2023/06/15 23:31:32 
2023/06/15 23:31:47 运行结束
2023/06/15 23:31:47 
2023/06/15 23:32:02 运行结束
2023/06/15 23:32:02 
2023/06/15 23:32:17 运行结束
2023/06/15 23:32:17 
2023/06/15 23:32:32 运行结束
2023/06/15 23:32:32 
2023/06/15 23:32:47 运行结束
2023/06/15 23:32:47 
2023/06/15 23:33:02 运行结束
2023/06/15 23:33:02 
2023/06/15 23:33:17 运行结束
2023/06/15 23:33:17 
2023/06/15 23:33:32 运行结束
2023/06/15 23:33:32 
2023/06/15 23:33:32 运行结束
2023/06/15 23:33:33 
2023/06/15 23:33:48 运行结束
2023/06/15 23:33:48 
2023/06/15 23:34:03 运行结束
2023/06/15 23:34:03 
2023/06/15 23:34:18 运行结束
2023/06/15 23:34:18 
2023/06/15 23:34:33 运行结束
2023/06/15 23:34:33 
2023/06/15 23:34:48 运行结束
2023/06/15 23:34:48 
2023/06/15 23:35:03 运行结束
2023/06/15 23:35:03 
2023/06/15 23:35:18 运行结束
2023/06/15 23:35:18 
2023/06/15 23:35:33 运行结束
2023/06/15 23:35:33 
2023/06/15 23:35:48 运行结束
2023/06/15 23:35:48 
2023/06/15 23:36:03 运行结束
2023/06/15 23:36:03 
2023/06/15 23:36:04 运行结束
2023/06/15 23:36:04 
2023/06/15 23:36:19 运行结束
2023/06/15 23:36:19 
2023/06/15 23:36:19 运行结束
2023/06/15 23:36:20 
2023/06/15 23:36:20 运行结束
2023/06/15 23:36:21 
2023/06/15 23:36:22 运行结束
2023/06/15 23:36:22 
2023/06/15 23:36:22 运行结束
2023/06/15 23:36:41 
2023/06/15 23:37:32 运行结束
2023/06/15 23:37:48 
2023/06/15 23:37:54 运行结束
2023/06/15 23:38:10 
2023/06/15 23:39:57 
2023/06/15 23:40:12 运行结束
2023/06/15 23:40:27 运行结束
2023/06/15 23:40:42 运行结束
2023/06/15 23:40:57 运行结束
2023/06/15 23:41:12 运行结束
2023/06/15 23:41:27 运行结束
2023/06/15 23:41:42 运行结束
2023/06/15 23:41:57 运行结束
2023/06/15 23:42:12 运行结束
2023/06/15 23:42:27 运行结束
2023/06/15 23:42:42 运行结束
2023/06/15 23:42:57 运行结束
2023/06/15 23:42:57 运行结束
2023/06/15 23:43:12 运行结束
2023/06/15 23:43:13 运行结束
2023/06/15 23:43:13 运行结束
2023/06/15 23:43:14 运行结束
2023/06/15 23:43:14 运行结束
2023/06/15 23:43:15 运行结束
2023/06/15 23:43:30 运行结束
2023/06/15 23:43:45 运行结束
2023/06/15 23:43:45 运行结束
2023/06/15 23:44:00 运行结束
2023/06/15 23:44:15 运行结束
2023/06/15 23:44:30 运行结束
2023/06/15 23:44:45 运行结束
2023/06/15 23:45:00 运行结束
2023/06/15 23:45:15 运行结束
2023/06/15 23:45:30 运行结束
2023/06/15 23:45:45 运行结束
2023/06/15 23:46:00 运行结束
2023/06/15 23:46:15 运行结束
2023/06/15 23:46:30 运行结束
2023/06/15 23:46:45 运行结束
2023/06/15 23:47:00 运行结束
2023/06/15 23:47:15 运行结束
2023/06/15 23:47:30 运行结束
2023/06/15 23:47:30 运行结束
2023/06/15 23:47:45 运行结束
2023/06/15 23:48:00 运行结束
2023/06/15 23:48:15 运行结束
2023/06/15 23:48:30 运行结束
2023/06/15 23:48:45 运行结束
2023/06/15 23:49:00 运行结束
2023/06/15 23:49:15 运行结束
2023/06/15 23:49:30 运行结束
2023/06/15 23:49:45 运行结束
2023/06/15 23:50:00 运行结束
2023/06/15 23:50:15 运行结束
2023/06/15 23:50:15 运行结束
2023/06/15 23:50:16 运行结束
2023/06/15 23:50:16 运行结束
2023/06/15 23:50:17 运行结束
2023/06/15 23:50:17 运行结束
2023/06/15 23:51:10 运行结束
2023/06/15 23:51:25 运行结束
2023/06/15 23:51:39 运行结束
2023/06/15 23:52:49 运行结束
2023/06/15 23:56:49 
2023/06/15 23:58:20 运行结束
2023/06/15 23:58:35 运行结束
2023/06/15 23:58:50 运行结束
2023/06/15 23:59:05 运行结束
2023/06/15 23:59:20 运行结束
2023/06/15 23:59:35 运行结束
2023/06/15 23:59:50 运行结束
2023/06/16 00:00:05 运行结束
2023/06/16 00:00:20 运行结束
2023/06/16 00:00:35 运行结束
2023/06/16 00:00:50 运行结束
2023/06/16 00:01:05 运行结束
2023/06/16 00:01:05 运行结束
2023/06/16 00:01:20 运行结束
2023/06/16 00:01:21 运行结束
2023/06/16 00:01:21 运行结束
2023/06/16 00:01:22 运行结束
2023/06/16 00:01:23 运行结束
2023/06/16 00:01:23 运行结束
2023/06/16 00:01:38 运行结束
2023/06/16 00:01:53 运行结束
2023/06/16 00:02:51 运行结束
2023/06/16 00:03:11 运行结束
2023/06/16 00:03:11 运行结束
2023/06/16 00:03:26 运行结束
2023/06/16 00:03:41 运行结束
2023/06/16 00:03:56 运行结束
2023/06/16 00:04:11 运行结束
2023/06/16 00:04:26 运行结束
2023/06/16 00:04:41 运行结束
2023/06/16 00:04:56 运行结束
2023/06/16 00:05:11 运行结束
2023/06/16 00:05:26 运行结束
2023/06/16 00:05:41 运行结束
2023/06/16 00:05:56 运行结束
2023/06/16 00:06:11 运行结束
2023/06/16 00:06:26 运行结束
2023/06/16 00:06:26 运行结束
2023/06/16 00:06:41 运行结束
2023/06/16 00:06:56 运行结束
2023/06/16 00:07:11 运行结束
2023/06/16 00:07:26 运行结束
2023/06/16 00:07:41 运行结束
2023/06/16 00:07:56 运行结束
2023/06/16 00:08:11 运行结束
2023/06/16 00:08:26 运行结束
2023/06/16 00:08:41 运行结束
2023/06/16 00:08:56 运行结束
2023/06/16 00:08:56 运行结束
2023/06/16 00:09:11 运行结束
2023/06/16 00:09:12 运行结束
2023/06/16 00:09:12 运行结束
2023/06/16 00:09:13 运行结束
2023/06/16 00:09:13 运行结束
2023/06/16 00:09:35 运行结束
2023/06/16 00:10:45 运行结束
2023/06/16 00:11:06 运行结束
2023/06/16 00:11:28 运行结束
2023/06/16 00:12:37 运行结束
2023/06/16 00:12:52 运行结束
2023/06/16 00:13:07 运行结束
2023/06/16 00:13:37 运行结束
2023/06/16 00:14:29 运行结束
2023/06/16 00:14:44 运行结束
2023/06/16 00:14:59 运行结束
2023/06/16 00:15:30 运行结束
2023/06/16 00:16:39 运行结束
2023/06/16 00:21:45 
2023/06/16 00:22:00 运行结束
2023/06/16 00:22:15 运行结束
2023/06/16 00:22:30 运行结束
2023/06/16 00:22:45 运行结束
2023/06/16 00:23:00 运行结束
2023/06/16 00:23:15 运行结束
2023/06/16 00:23:30 运行结束
2023/06/16 00:23:45 运行结束
2023/06/16 00:24:00 运行结束
2023/06/16 00:24:15 运行结束
2023/06/16 00:24:29 运行结束
2023/06/16 00:24:30 运行结束
2023/06/16 00:24:45 运行结束
2023/06/16 00:24:46 运行结束
2023/06/16 00:25:01 运行结束
2023/06/16 00:25:01 运行结束
2023/06/16 00:25:02 运行结束
2023/06/16 00:25:02 运行结束
2023/06/16 00:25:03 运行结束
2023/06/16 00:25:18 运行结束
2023/06/16 00:25:33 运行结束
2023/06/16 00:25:48 运行结束
2023/06/16 00:26:03 运行结束
2023/06/16 00:26:03 运行结束
2023/06/16 00:32:43 运行结束
2023/06/16 00:33:05 运行结束
2023/06/16 00:34:14 运行结束
2023/06/16 00:34:44 运行结束
2023/06/16 00:36:23 运行结束
2023/06/16 00:37:16 
2023/06/16 00:37:21 运行结束
2023/06/16 00:37:27 运行结束
2023/06/16 00:37:33 运行结束
2023/06/16 00:37:39 运行结束
2023/06/16 00:37:45 运行结束
2023/06/16 00:37:51 运行结束
2023/06/16 00:37:57 运行结束
2023/06/16 00:38:03 运行结束
2023/06/16 00:38:09 运行结束
2023/06/16 00:38:14 运行结束
2023/06/16 00:38:15 运行结束
2023/06/16 00:38:21 运行结束
2023/06/16 00:38:27 运行结束
2023/06/16 00:38:32 运行结束
2023/06/16 00:38:33 运行结束
2023/06/16 00:38:34 运行结束
2023/06/16 00:38:34 运行结束
2023/06/16 00:38:35 运行结束
2023/06/16 00:38:35 运行结束
2023/06/16 00:38:41 运行结束
2023/06/16 00:38:47 运行结束
2023/06/16 00:38:53 运行结束
2023/06/16 00:38:59 运行结束
2023/06/16 00:38:59 运行结束
2023/06/16 00:39:05 运行结束
2023/06/16 00:39:11 运行结束
2023/06/16 00:39:17 运行结束
2023/06/16 00:39:23 运行结束
2023/06/16 00:39:28 运行结束
2023/06/16 00:39:34 运行结束
2023/06/16 00:39:40 运行结束
2023/06/16 00:39:46 运行结束
2023/06/16 00:39:52 运行结束
2023/06/16 00:39:58 运行结束
2023/06/16 00:40:03 运行结束
2023/06/16 00:40:09 运行结束
2023/06/16 00:40:15 运行结束
2023/06/16 00:40:16 运行结束
2023/06/16 00:40:22 运行结束
2023/06/16 00:40:27 运行结束
2023/06/16 00:40:33 运行结束
2023/06/16 00:40:39 运行结束
2023/06/16 00:40:45 运行结束
2023/06/16 00:40:51 运行结束
2023/06/16 00:40:57 运行结束
2023/06/16 00:41:02 运行结束
2023/06/16 00:41:08 运行结束
2023/06/16 00:41:14 运行结束
2023/06/16 00:41:20 运行结束
2023/06/16 00:41:20 运行结束
2023/06/16 00:41:21 运行结束
2023/06/16 00:41:22 运行结束
2023/06/16 00:41:22 运行结束
2023/06/16 00:41:23 运行结束
2023/06/16 00:41:44 运行结束
2023/06/16 00:42:15 运行结束
2023/06/16 00:43:24 运行结束
2023/06/25 23:20:16 运行结束
2023/06/25 23:24:33 运行结束
2023/06/30 14:52:37 运行结束
2023/07/03 17:16:02 运行结束
2023/07/03 17:27:28 运行结束
2023/07/03 17:36:32 运行结束
2023/07/03 17:55:43 运行结束
2023/07/03 20:09:19 运行结束
2023/07/03 20:16:54 运行结束
2023/07/03 20:20:06 运行结束
2023/07/03 20:33:18 运行结束
2023/07/03 20:41:45 运行结束
2023/07/03 20:47:07 运行结束
2023/07/03 20:56:37 运行结束
2023/07/03 21:03:48 运行结束
2023/07/06 23:41:23 运行结束
2023/07/06 23:43:28 运行结束
2023/07/06 23:45:25 运行结束
2023/07/06 23:46:37 运行结束
