2023/05/16 21:39:20 cmd.Run() failed with exec: "chrod": executable file not found in %PATH%
2023/05/16 21:39:36 cmd.Run() failed with exec: "chdir": executable file not found in %PATH%
2023/05/16 21:43:40 cmd.Run() failed with exec: "chdir": executable file not found in %PATH%
2023/05/16 21:57:01 cmd.Run() failed with exec: "chdir": executable file not found in %PATH%
2023/05/16 21:57:20 cmd.Run() failed with exec: "chdir": executable file not found in %PATH%
2023/05/16 21:57:51 cmd.Run() failed with exec: "python kl.py": executable file not found in %PATH%
2023/05/16 21:58:37 cmd.Run() failed with exec: "python kl.py": executable file not found in %PATH%
2023/05/16 21:59:01 cmd.Run() failed with exec: "pwd": executable file not found in %PATH%
2023/05/16 22:00:38 cmd.Run() failed with exec: "dir": executable file not found in %PATH%
2023/05/16 22:01:31 cmd.Run() failed with exec: "dir": executable file not found in %PATH%
2023/05/16 22:05:57 cmd.Run() failed with exit status 1
2023/05/18 11:22:31 open \tools\OneForAll-0.4.4\results\moonsec.com.csv: The system cannot find the file specified.
2023/05/18 11:25:52 open ..\tools\OneForAll-0.4.4\results\moonsec.com.csv: The system cannot find the path specified.
2023/05/18 11:27:02 open Aug\tools\OneForAll-0.4.4\results\moonsec.com.csv: The system cannot find the path specified.
2023/05/18 11:30:54 open \tools\OneForAll-0.4.4\results\moonsec.com.csv: The system cannot find the file specified.
2023/05/18 11:31:07 open ..\tools\OneForAll-0.4.4\results\moonsec.com.csv: The system cannot find the path specified.
2023/05/18 11:31:21 open ..\..\tools\OneForAll-0.4.4\results\moonsec.com.csv: The system cannot find the path specified.
2023/05/18 11:34:58 open ..\OneForAll-0.4.4\results\moonsec.com.csv: The system cannot find the path specified.
2023/05/22 20:59:57 open tools\OneForAll-0.4.4\results\moonsec.com.csv: The system cannot find the file specified.
2023/05/23 23:16:59 Х©░Х║▄Г╩⌠Ф²÷
2023/05/23 23:17:02 Х©░Х║▄Г╩⌠Ф²÷
2023/05/23 23:21:20 Х©░Х║▄Г╩⌠Ф²÷
2023/05/23 23:21:26 Х©░Х║▄Г╩⌠Ф²÷
2023/05/23 23:21:58 Х©░Х║▄Г╩⌠Ф²÷
2023/05/23 23:22:04 Х©░Х║▄Г╩⌠Ф²÷
2023/05/23 23:22:07 Х©░Х║▄Г╩⌠Ф²÷
2023/05/24 22:24:07 Х©░Х║▄Г╩⌠Ф²÷
2023/05/24 22:24:10 Х©░Х║▄Г╩⌠Ф²÷
2023/05/24 22:24:17 Х©░Х║▄Г╩⌠Ф²÷
2023/05/24 22:24:20 Х©░Х║▄Г╩⌠Ф²÷
2023/05/24 22:24:23 Х©░Х║▄Г╩⌠Ф²÷
2023/05/24 22:25:30 Х©░Х║▄Г╩⌠Ф²÷
2023/05/24 22:25:36 Х©░Х║▄Г╩⌠Ф²÷
2023/05/24 22:25:39 Х©░Х║▄Г╩⌠Ф²÷
2023/05/24 22:25:45 Х©░Х║▄Г╩⌠Ф²÷
2023/05/24 22:25:48 Х©░Х║▄Г╩⌠Ф²÷
2023/05/24 22:25:51 Х©░Х║▄Г╩⌠Ф²÷
2023/05/24 22:25:57 Х©░Х║▄Г╩⌠Ф²÷
2023/05/24 22:34:05 Х©░Х║▄Г╩⌠Ф²÷
2023/05/24 22:34:11 Х©░Х║▄Г╩⌠Ф²÷
2023/05/24 22:34:14 Х©░Х║▄Г╩⌠Ф²÷
2023/05/24 22:34:20 Х©░Х║▄Г╩⌠Ф²÷
2023/05/24 22:34:23 Х©░Х║▄Г╩⌠Ф²÷
2023/05/24 22:34:26 Х©░Х║▄Г╩⌠Ф²÷
2023/05/24 22:34:32 Х©░Х║▄Г╩⌠Ф²÷
2023/05/24 22:50:18 Х©░Х║▄Г╩⌠Ф²÷
2023/05/24 22:52:38 Х©░Х║▄Г╩⌠Ф²÷
2023/05/24 23:18:58 Х©░Х║▄Г╩⌠Ф²÷
2023/05/24 23:21:59 Х©░Х║▄Г╩⌠Ф²÷
2023/05/24 23:23:20 Х©░Х║▄Г╩⌠Ф²÷
2023/05/24 23:25:52 Х©░Х║▄Г╩⌠Ф²÷
2023/05/24 23:27:12 Х©░Х║▄Г╩⌠Ф²÷
2023/05/24 23:28:11 Х©░Х║▄Г╩⌠Ф²÷
2023/05/24 23:29:02 Х©░Х║▄Г╩⌠Ф²÷
2023/05/24 23:30:58 Х©░Х║▄Г╩⌠Ф²÷
2023/05/24 23:49:49 Х©░Х║▄Г╩⌠Ф²÷
2023/05/24 23:50:46 Х©░Х║▄Г╩⌠Ф²÷
2023/05/24 23:52:43 Х©░Х║▄Г╩⌠Ф²÷
2023/05/25 21:46:50 cmd.Run() failed with exit status 1
2023/05/25 21:57:42 cmd.Run() failed with exit status 1
2023/05/25 22:01:55 cmd.Run() failed with exit status 1
2023/06/03 21:13:16 cmd.Run() failed with exit status 1
%!(EXTRA string=о╣мЁур╡╩╣╫нд╪Ч ./crawlergo_win_amd64.exe║ё
)
2023/06/03 21:54:41 Х©░Х║▄Г╩⌠Ф²÷
2023/06/03 21:55:41 Х©░Х║▄Г╩⌠Ф²÷
2023/06/03 22:02:25 Х©░Х║▄Г╩⌠Ф²÷
2023/06/03 22:02:51 Х©░Х║▄Г╩⌠Ф²÷
2023/06/11 00:23:43 Х©░Х║▄Г╩⌠Ф²÷
2023/06/11 00:24:05 Х©░Х║▄Г╩⌠Ф²÷
2023/06/11 00:25:37 Х©░Х║▄Г╩⌠Ф²÷
2023/06/11 00:56:52 Х©░Х║▄Г╩⌠Ф²÷
2023/06/11 16:43:04 Х©░Х║▄Г╩⌠Ф²÷
2023/06/11 16:43:04 
2023/06/11 16:43:20 Х©░Х║▄Г╩⌠Ф²÷
2023/06/11 16:43:20 
2023/06/11 16:43:36 Х©░Х║▄Г╩⌠Ф²÷
2023/06/11 16:45:00 Х©░Х║▄Г╩⌠Ф²÷
2023/06/11 16:45:00 
2023/06/11 16:45:17 Х©░Х║▄Г╩⌠Ф²÷
2023/06/11 16:45:17 
2023/06/11 16:45:33 Х©░Х║▄Г╩⌠Ф²÷
2023/06/11 17:25:36 Х©░Х║▄Г╩⌠Ф²÷
2023/06/11 17:30:57 Х©░Х║▄Г╩⌠Ф²÷
2023/06/11 17:35:13 Х©░Х║▄Г╩⌠Ф²÷
2023/06/11 17:38:12 Х©░Х║▄Г╩⌠Ф²÷
2023/06/11 17:38:53 Х©░Х║▄Г╩⌠Ф²÷
2023/06/11 17:40:25 Х©░Х║▄Г╩⌠Ф²÷
2023/06/11 17:41:54 Х©░Х║▄Г╩⌠Ф²÷
2023/06/11 17:43:05 Х©░Х║▄Г╩⌠Ф²÷
2023/06/11 17:43:24 
2023/06/11 17:43:39 Х©░Х║▄Г╩⌠Ф²÷
2023/06/11 17:43:55 
2023/06/11 17:44:11 Х©░Х║▄Г╩⌠Ф²÷
2023/06/11 17:46:06 Х©░Х║▄Г╩⌠Ф²÷
2023/06/11 17:46:24 
2023/06/11 17:46:40 Х©░Х║▄Г╩⌠Ф²÷
2023/06/11 17:46:56 
2023/06/11 17:47:11 Х©░Х║▄Г╩⌠Ф²÷
2023/06/11 17:47:50 Х©░Х║▄Г╩⌠Ф²÷
2023/06/11 17:48:28 Х©░Х║▄Г╩⌠Ф²÷
2023/06/11 19:38:50 
2023/06/11 19:39:04 
2023/06/11 19:39:18 
2023/06/11 19:39:32 
2023/06/11 19:41:10 
2023/06/11 19:41:27 
2023/06/11 19:41:43 
2023/06/11 19:41:59 
2023/06/11 19:42:16 
2023/06/11 19:42:32 
2023/06/11 19:42:48 
2023/06/11 19:43:05 
2023/06/11 19:43:21 
2023/06/11 19:43:37 
2023/06/11 19:43:54 
2023/06/11 19:44:10 
2023/06/11 19:44:27 
2023/06/11 19:44:43 
2023/06/11 19:44:59 
2023/06/11 19:45:16 
2023/06/11 19:45:32 
2023/06/11 19:45:48 
2023/06/11 19:46:05 
2023/06/11 19:46:22 
2023/06/11 19:46:40 
2023/06/11 19:46:59 
2023/06/11 19:47:16 
2023/06/11 19:47:34 
2023/06/11 19:47:51 
2023/06/11 19:48:08 
2023/06/11 19:48:25 
2023/06/11 19:48:42 
2023/06/11 19:48:59 
2023/06/11 19:49:16 
2023/06/11 19:49:33 
2023/06/11 19:49:50 
2023/06/11 19:50:08 
2023/06/11 19:50:25 
2023/06/11 19:50:42 
2023/06/11 19:50:59 
2023/06/11 19:51:16 
2023/06/11 19:51:33 
2023/06/11 19:51:50 
2023/06/11 19:52:07 
2023/06/11 19:52:24 
2023/06/11 19:52:42 
2023/06/11 19:52:59 
2023/06/11 19:53:16 
2023/06/11 19:53:33 
2023/06/11 19:53:50 
2023/06/11 19:54:07 
2023/06/11 19:54:24 
2023/06/11 19:54:43 
2023/06/11 19:55:00 
2023/06/11 19:55:17 
2023/06/11 19:55:34 
2023/06/11 19:55:51 
2023/06/11 19:57:52 
2023/06/11 19:58:08 
2023/06/11 20:00:22 
2023/06/11 20:00:38 
2023/06/11 23:45:01 Х©░Х║▄Г╩⌠Ф²÷
2023/06/11 23:45:01 
2023/06/11 23:45:42 Х©░Х║▄Г╩⌠Ф²÷
2023/06/11 23:45:42 
2023/06/11 23:52:49 
2023/06/11 23:53:05 Х©░Х║▄Г╩⌠Ф²÷
2023/06/11 23:53:05 
2023/06/11 23:53:21 
2023/06/11 23:53:37 Х©░Х║▄Г╩⌠Ф²÷
2023/06/11 23:53:37 
2023/06/12 00:02:28 
2023/06/12 00:02:43 Х©░Х║▄Г╩⌠Ф²÷
2023/06/12 00:02:43 
2023/06/12 00:02:59 
2023/06/12 00:03:14 Х©░Х║▄Г╩⌠Ф²÷
2023/06/12 00:03:14 
2023/06/12 00:03:30 
2023/06/12 00:03:45 Х©░Х║▄Г╩⌠Ф²÷
2023/06/12 00:03:45 
2023/06/12 00:04:01 
2023/06/12 00:04:16 Х©░Х║▄Г╩⌠Ф²÷
2023/06/12 00:04:16 
2023/06/12 00:04:32 
2023/06/12 00:04:47 Х©░Х║▄Г╩⌠Ф²÷
2023/06/12 00:04:47 
2023/06/12 00:05:03 
2023/06/12 00:05:18 Х©░Х║▄Г╩⌠Ф²÷
2023/06/12 00:05:18 
2023/06/12 00:05:34 
2023/06/12 00:05:49 Х©░Х║▄Г╩⌠Ф²÷
2023/06/12 00:05:49 
2023/06/12 00:06:05 
2023/06/12 00:06:20 Х©░Х║▄Г╩⌠Ф²÷
2023/06/12 00:06:20 
2023/06/12 00:06:36 
2023/06/12 00:06:51 Х©░Х║▄Г╩⌠Ф²÷
2023/06/12 00:06:51 
2023/06/12 00:07:07 
2023/06/12 00:07:22 Х©░Х║▄Г╩⌠Ф²÷
2023/06/12 00:07:22 
2023/06/12 00:07:38 
2023/06/12 00:07:53 Х©░Х║▄Г╩⌠Ф²÷
2023/06/12 00:12:30 
2023/06/12 00:12:45 Х©░Х║▄Г╩⌠Ф²÷
2023/06/12 00:12:45 
2023/06/12 00:13:02 
2023/06/12 00:13:17 Х©░Х║▄Г╩⌠Ф²÷
2023/06/12 00:13:17 
2023/06/12 00:13:33 
2023/06/12 00:13:48 Х©░Х║▄Г╩⌠Ф²÷
2023/06/12 00:13:48 
2023/06/12 00:14:05 
2023/06/12 00:14:19 Х©░Х║▄Г╩⌠Ф²÷
2023/06/12 00:14:19 
2023/06/12 00:14:36 
2023/06/12 00:14:50 Х©░Х║▄Г╩⌠Ф²÷
2023/06/12 00:14:50 
2023/06/12 00:15:07 
2023/06/12 00:15:21 Х©░Х║▄Г╩⌠Ф²÷
2023/06/12 00:15:21 
2023/06/12 00:15:38 
2023/06/12 00:15:52 Х©░Х║▄Г╩⌠Ф²÷
2023/06/12 00:15:52 
2023/06/12 00:16:09 
2023/06/12 00:16:23 Х©░Х║▄Г╩⌠Ф²÷
2023/06/12 00:16:23 
2023/06/12 00:16:40 
2023/06/12 00:16:54 Х©░Х║▄Г╩⌠Ф²÷
2023/06/12 00:16:54 
2023/06/12 00:17:11 
2023/06/12 00:17:25 Х©░Х║▄Г╩⌠Ф²÷
2023/06/12 00:17:25 
2023/06/12 00:17:42 
2023/06/12 00:17:56 Х©░Х║▄Г╩⌠Ф²÷
2023/06/12 00:17:56 
2023/06/12 00:18:13 
2023/06/12 00:18:13 Х©░Х║▄Г╩⌠Ф²÷
2023/06/12 00:18:13 
2023/06/12 00:18:29 
2023/06/12 00:18:29 Х©░Х║▄Г╩⌠Ф²÷
2023/06/12 00:18:29 
2023/06/12 00:18:46 
2023/06/12 00:19:01 Х©░Х║▄Г╩⌠Ф²÷
2023/06/12 00:19:01 
2023/06/12 00:19:17 
2023/06/12 00:19:17 Х©░Х║▄Г╩⌠Ф²÷
2023/06/12 00:19:17 
2023/06/12 00:19:33 
2023/06/12 00:19:34 Х©░Х║▄Г╩⌠Ф²÷
2023/06/12 00:19:34 
2023/06/12 00:19:50 
2023/06/12 00:19:50 Х©░Х║▄Г╩⌠Ф²÷
2023/06/12 00:19:50 
2023/06/12 00:20:07 
2023/06/12 00:20:07 Х©░Х║▄Г╩⌠Ф²÷
2023/06/12 00:20:07 
2023/06/12 00:20:23 
2023/06/12 00:20:38 Х©░Х║▄Г╩⌠Ф²÷
2023/06/12 00:20:38 
2023/06/12 00:20:54 
2023/06/12 00:21:09 Х©░Х║▄Г╩⌠Ф²÷
2023/06/12 00:21:09 
2023/06/12 00:21:25 
2023/06/12 00:22:59 
2023/06/12 00:23:14 Х©░Х║▄Г╩⌠Ф²÷
2023/06/12 00:23:14 
2023/06/12 00:23:30 
2023/06/12 00:23:45 Х©░Х║▄Г╩⌠Ф²÷
2023/06/12 00:23:45 
2023/06/12 00:24:01 
2023/06/12 00:24:16 Х©░Х║▄Г╩⌠Ф²÷
2023/06/12 00:24:16 
2023/06/12 00:24:33 
2023/06/12 00:24:47 Х©░Х║▄Г╩⌠Ф²÷
2023/06/12 00:24:47 
2023/06/12 00:25:04 
2023/06/12 00:25:18 Х©░Х║▄Г╩⌠Ф²÷
2023/06/12 00:25:18 
2023/06/12 00:25:35 
2023/06/12 00:25:50 Х©░Х║▄Г╩⌠Ф²÷
2023/06/12 00:25:50 
2023/06/12 00:26:06 
2023/06/12 00:26:21 Х©░Х║▄Г╩⌠Ф²÷
2023/06/12 00:26:21 
2023/06/12 00:26:37 
2023/06/12 00:26:52 Х©░Х║▄Г╩⌠Ф²÷
2023/06/12 00:26:52 
2023/06/12 00:27:08 
2023/06/12 00:27:22 Х©░Х║▄Г╩⌠Ф²÷
2023/06/12 00:27:22 
2023/06/12 00:27:39 
2023/06/12 00:27:53 Х©░Х║▄Г╩⌠Ф²÷
2023/06/12 00:27:53 
2023/06/12 00:28:10 
2023/06/12 00:28:10 Х©░Х║▄Г╩⌠Ф²÷
2023/06/12 00:28:10 
2023/06/12 00:28:26 
2023/06/12 00:28:41 Х©░Х║▄Г╩⌠Ф²÷
2023/06/12 00:28:41 
2023/06/12 00:28:57 
2023/06/12 00:29:12 Х©░Х║▄Г╩⌠Ф²÷
2023/06/12 00:29:12 
2023/06/12 00:29:28 
2023/06/12 00:29:28 Х©░Х║▄Г╩⌠Ф²÷
2023/06/12 00:29:28 
2023/06/12 00:29:45 
2023/06/12 00:29:45 Х©░Х║▄Г╩⌠Ф²÷
2023/06/12 00:29:45 
2023/06/12 00:30:01 
2023/06/12 00:30:01 Х©░Х║▄Г╩⌠Ф²÷
2023/06/12 00:30:01 
2023/06/12 00:30:18 
2023/06/12 00:30:18 Х©░Х║▄Г╩⌠Ф²÷
2023/06/12 00:30:18 
2023/06/12 00:30:35 
2023/06/12 00:30:35 Х©░Х║▄Г╩⌠Ф²÷
2023/06/12 00:30:35 
2023/06/12 00:30:51 
2023/06/12 00:31:11 Х©░Х║▄Г╩⌠Ф²÷
2023/06/12 00:31:11 
2023/06/12 00:31:28 
2023/06/12 00:32:25 Х©░Х║▄Г╩⌠Ф²÷
2023/06/12 00:32:25 
2023/06/12 00:32:44 
2023/06/12 00:32:58 Х©░Х║▄Г╩⌠Ф²÷
2023/06/12 00:32:58 
2023/06/12 00:33:15 
2023/06/12 00:33:15 Х©░Х║▄Г╩⌠Ф²÷
2023/06/12 00:33:15 
2023/06/12 00:33:31 
2023/06/12 00:33:46 Х©░Х║▄Г╩⌠Ф²÷
2023/06/12 00:33:46 
2023/06/12 00:34:02 
2023/06/12 00:34:17 Х©░Х║▄Г╩⌠Ф²÷
2023/06/12 00:34:17 
2023/06/12 00:34:33 
2023/06/12 00:34:48 Х©░Х║▄Г╩⌠Ф²÷
2023/06/12 00:34:48 
2023/06/12 00:35:04 
2023/06/12 00:35:19 Х©░Х║▄Г╩⌠Ф²÷
2023/06/12 00:35:19 
2023/06/12 00:35:35 
2023/06/12 00:35:50 Х©░Х║▄Г╩⌠Ф²÷
2023/06/12 00:35:50 
2023/06/12 00:36:06 
2023/06/12 00:36:21 Х©░Х║▄Г╩⌠Ф²÷
2023/06/12 00:36:21 
2023/06/12 00:36:37 
2023/06/12 00:36:52 Х©░Х║▄Г╩⌠Ф²÷
2023/06/12 00:36:52 
2023/06/12 00:37:08 
2023/06/12 00:37:23 Х©░Х║▄Г╩⌠Ф²÷
2023/06/12 00:37:23 
2023/06/12 00:37:39 
2023/06/12 00:37:54 Х©░Х║▄Г╩⌠Ф²÷
2023/06/12 00:37:54 
2023/06/12 00:38:10 
2023/06/12 00:38:25 Х©░Х║▄Г╩⌠Ф²÷
2023/06/12 00:38:25 
2023/06/12 00:38:45 
2023/06/12 00:38:59 Х©░Х║▄Г╩⌠Ф²÷
2023/06/12 00:38:59 
2023/06/12 00:39:20 
2023/06/12 00:39:34 Х©░Х║▄Г╩⌠Ф²÷
2023/06/12 00:39:34 
2023/06/12 00:39:51 
2023/06/12 00:40:05 Х©░Х║▄Г╩⌠Ф²÷
2023/06/12 00:40:05 
2023/06/12 00:40:22 
2023/06/12 00:40:36 Х©░Х║▄Г╩⌠Ф²÷
2023/06/12 00:40:36 
2023/06/12 00:40:53 
2023/06/12 00:40:53 Х©░Х║▄Г╩⌠Ф²÷
2023/06/12 00:40:53 
2023/06/12 00:41:09 
2023/06/12 00:41:24 Х©░Х║▄Г╩⌠Ф²÷
2023/06/12 00:41:24 
2023/06/12 00:41:40 
2023/06/12 00:41:55 Х©░Х║▄Г╩⌠Ф²÷
2023/06/12 00:41:55 
2023/06/12 00:42:11 
2023/06/12 00:42:26 Х©░Х║▄Г╩⌠Ф²÷
2023/06/12 00:42:26 
2023/06/12 00:42:42 
2023/06/12 00:42:57 Х©░Х║▄Г╩⌠Ф²÷
2023/06/12 00:42:57 
2023/06/12 00:43:13 
2023/06/12 00:43:28 Х©░Х║▄Г╩⌠Ф²÷
2023/06/12 00:43:28 
2023/06/12 00:43:46 
2023/06/12 00:44:00 Х©░Х║▄Г╩⌠Ф²÷
2023/06/12 00:44:00 
2023/06/12 00:44:17 
2023/06/12 00:44:31 Х©░Х║▄Г╩⌠Ф²÷
2023/06/12 00:44:31 
2023/06/12 00:44:50 
2023/06/12 00:45:05 Х©░Х║▄Г╩⌠Ф²÷
2023/06/12 00:45:05 
2023/06/12 00:45:21 
2023/06/12 00:45:36 Х©░Х║▄Г╩⌠Ф²÷
2023/06/12 00:45:36 
2023/06/12 00:45:52 
2023/06/12 00:46:07 Х©░Х║▄Г╩⌠Ф²÷
2023/06/12 00:46:07 
2023/06/12 00:46:23 
2023/06/12 00:46:23 Х©░Х║▄Г╩⌠Ф²÷
2023/06/12 00:46:23 
2023/06/12 00:46:39 
2023/06/12 00:46:40 Х©░Х║▄Г╩⌠Ф²÷
2023/06/12 00:46:40 
2023/06/12 00:46:56 
2023/06/12 00:46:56 Х©░Х║▄Г╩⌠Ф²÷
2023/06/12 00:46:56 
2023/06/12 00:47:13 
2023/06/12 00:47:13 Х©░Х║▄Г╩⌠Ф²÷
2023/06/12 00:47:13 
2023/06/12 00:47:29 
2023/06/12 00:47:44 Х©░Х║▄Г╩⌠Ф²÷
2023/06/12 00:47:44 
2023/06/12 00:48:00 
2023/06/12 00:48:00 Х©░Х║▄Г╩⌠Ф²÷
2023/06/12 00:48:00 
2023/06/12 00:50:51 
2023/06/12 00:51:05 Х©░Х║▄Г╩⌠Ф²÷
2023/06/12 00:51:05 
2023/06/12 00:51:26 
2023/06/12 00:51:40 Х©░Х║▄Г╩⌠Ф²÷
2023/06/12 00:51:40 
2023/06/12 00:53:57 
2023/06/12 00:54:12 Х©░Х║▄Г╩⌠Ф²÷
2023/06/12 00:54:12 
2023/06/12 00:54:28 
2023/06/12 00:54:43 Х©░Х║▄Г╩⌠Ф²÷
2023/06/12 00:54:43 
2023/06/12 21:01:44 
2023/06/12 21:02:00 Х©░Х║▄Г╩⌠Ф²÷
2023/06/12 21:02:00 
2023/06/12 21:02:14 
2023/06/12 21:02:29 Х©░Х║▄Г╩⌠Ф²÷
2023/06/12 21:02:29 
2023/06/12 21:02:43 
2023/06/12 21:02:59 Х©░Х║▄Г╩⌠Ф²÷
2023/06/12 21:02:59 
2023/06/12 21:03:12 
2023/06/12 21:03:28 Х©░Х║▄Г╩⌠Ф²÷
2023/06/12 21:03:28 
2023/06/12 21:03:41 
2023/06/12 21:03:57 Х©░Х║▄Г╩⌠Ф²÷
2023/06/12 21:03:57 
2023/06/12 21:04:10 
2023/06/12 21:04:26 Х©░Х║▄Г╩⌠Ф²÷
2023/06/12 21:04:26 
2023/06/12 21:04:39 
2023/06/12 21:04:55 Х©░Х║▄Г╩⌠Ф²÷
2023/06/12 21:04:55 
2023/06/12 21:05:09 
2023/06/12 21:05:25 Х©░Х║▄Г╩⌠Ф²÷
2023/06/12 21:05:25 
2023/06/12 21:05:38 
2023/06/12 21:05:54 Х©░Х║▄Г╩⌠Ф²÷
2023/06/12 21:05:54 
2023/06/12 21:06:07 
2023/06/12 21:06:23 Х©░Х║▄Г╩⌠Ф²÷
2023/06/12 21:06:23 
2023/06/12 21:06:36 
2023/06/12 21:06:37 Х©░Х║▄Г╩⌠Ф²÷
2023/06/12 21:06:37 
2023/06/12 21:06:50 
2023/06/12 21:06:51 Х©░Х║▄Г╩⌠Ф²÷
2023/06/12 21:06:51 
2023/06/12 21:07:04 
2023/06/12 21:07:20 Х©░Х║▄Г╩⌠Ф²÷
2023/06/12 21:07:20 
2023/06/12 21:07:33 
2023/06/12 21:07:49 Х©░Х║▄Г╩⌠Ф²÷
2023/06/12 21:07:49 
2023/06/12 21:08:02 
2023/06/12 21:08:02 Х©░Х║▄Г╩⌠Ф²÷
2023/06/12 21:08:02 
2023/06/12 21:08:16 
2023/06/12 21:08:16 Х©░Х║▄Г╩⌠Ф²÷
2023/06/12 21:08:16 
2023/06/12 21:08:30 
2023/06/12 21:08:30 Х©░Х║▄Г╩⌠Ф²÷
2023/06/12 21:08:30 
2023/06/12 21:08:43 
2023/06/12 21:08:43 Х©░Х║▄Г╩⌠Ф²÷
2023/06/12 21:08:43 
2023/06/12 21:08:57 
2023/06/12 21:10:00 Х©░Х║▄Г╩⌠Ф²÷
2023/06/12 21:10:00 
2023/06/12 21:10:14 
2023/06/12 21:10:34 Х©░Х║▄Г╩⌠Ф²÷
2023/06/12 21:10:34 
2023/06/12 21:10:49 
2023/06/12 21:11:05 Х©░Х║▄Г╩⌠Ф²÷
2023/06/12 21:11:05 
2023/06/12 21:11:19 
2023/06/12 21:11:20 Х©░Х║▄Г╩⌠Ф²÷
2023/06/12 21:11:20 
2023/06/12 21:11:35 
2023/06/12 21:11:50 Х©░Х║▄Г╩⌠Ф²÷
2023/06/12 21:11:50 
2023/06/12 21:12:04 
2023/06/12 21:12:20 Х©░Х║▄Г╩⌠Ф²÷
2023/06/12 21:12:20 
2023/06/12 21:12:33 
2023/06/12 21:12:49 Х©░Х║▄Г╩⌠Ф²÷
2023/06/12 21:12:49 
2023/06/12 21:13:03 
2023/06/12 21:13:18 Х©░Х║▄Г╩⌠Ф²÷
2023/06/12 21:13:18 
2023/06/12 21:13:32 
2023/06/12 21:13:48 Х©░Х║▄Г╩⌠Ф²÷
2023/06/12 21:13:48 
2023/06/12 21:14:01 
2023/06/12 21:14:17 Х©░Х║▄Г╩⌠Ф²÷
2023/06/12 21:14:17 
2023/06/12 21:14:31 
2023/06/12 21:14:46 Х©░Х║▄Г╩⌠Ф²÷
2023/06/12 21:14:46 
2023/06/12 21:15:00 
2023/06/12 21:15:15 Х©░Х║▄Г╩⌠Ф²÷
2023/06/12 21:15:15 
2023/06/12 21:15:29 
2023/06/12 21:15:45 Х©░Х║▄Г╩⌠Ф²÷
2023/06/12 21:15:45 
2023/06/12 21:15:59 
2023/06/12 21:16:15 Х©░Х║▄Г╩⌠Ф²÷
2023/06/12 21:16:15 
2023/06/12 21:16:28 
2023/06/12 21:16:44 Х©░Х║▄Г╩⌠Ф²÷
2023/06/12 21:16:44 
2023/06/12 21:16:57 
2023/06/12 21:17:13 Х©░Х║▄Г╩⌠Ф²÷
2023/06/12 21:17:13 
2023/06/12 21:17:26 
2023/06/12 21:17:42 Х©░Х║▄Г╩⌠Ф²÷
2023/06/12 21:17:42 
2023/06/12 21:17:56 
2023/06/12 21:18:11 Х©░Х║▄Г╩⌠Ф²÷
2023/06/12 21:18:11 
2023/06/12 21:18:25 
2023/06/12 21:18:25 Х©░Х║▄Г╩⌠Ф²÷
2023/06/12 21:18:25 
2023/06/12 21:18:39 
2023/06/12 21:18:54 Х©░Х║▄Г╩⌠Ф²÷
2023/06/12 21:18:54 
2023/06/12 21:19:08 
2023/06/12 21:19:23 Х©░Х║▄Г╩⌠Ф²÷
2023/06/12 21:19:23 
2023/06/12 21:19:37 
2023/06/12 21:19:53 Х©░Х║▄Г╩⌠Ф²÷
2023/06/12 21:19:53 
2023/06/12 21:20:06 
2023/06/12 21:20:22 Х©░Х║▄Г╩⌠Ф²÷
2023/06/12 21:20:22 
2023/06/12 21:20:35 
2023/06/12 21:20:51 Х©░Х║▄Г╩⌠Ф²÷
2023/06/12 21:20:51 
2023/06/12 21:21:04 
2023/06/12 21:21:20 Х©░Х║▄Г╩⌠Ф²÷
2023/06/12 21:21:20 
2023/06/12 21:21:33 
2023/06/12 21:21:48 Х©░Х║▄Г╩⌠Ф²÷
2023/06/12 21:21:48 
2023/06/12 21:22:02 
2023/06/12 21:22:18 Х©░Х║▄Г╩⌠Ф²÷
2023/06/12 21:22:18 
2023/06/12 21:22:31 
2023/06/12 21:22:47 Х©░Х║▄Г╩⌠Ф²÷
2023/06/12 21:22:47 
2023/06/12 21:23:00 
2023/06/12 21:23:16 Х©░Х║▄Г╩⌠Ф²÷
2023/06/12 21:23:16 
2023/06/12 21:23:29 
2023/06/12 21:23:30 Х©░Х║▄Г╩⌠Ф²÷
2023/06/12 21:23:30 
2023/06/12 21:23:43 
2023/06/12 21:23:59 Х©░Х║▄Г╩⌠Ф²÷
2023/06/12 21:23:59 
2023/06/12 21:25:19 
2023/06/12 21:25:25 Х©░Х║▄Г╩⌠Ф²÷
2023/06/12 21:25:25 
2023/06/12 21:25:43 
2023/06/12 21:25:48 Х©░Х║▄Г╩⌠Ф²÷
2023/06/12 21:25:48 
2023/06/12 21:26:06 
2023/06/12 21:26:11 Х©░Х║▄Г╩⌠Ф²÷
2023/06/12 21:26:11 
2023/06/12 21:26:27 
2023/06/12 21:26:33 Х©░Х║▄Г╩⌠Ф²÷
2023/06/12 21:26:33 
2023/06/12 21:26:49 
2023/06/12 21:26:55 Х©░Х║▄Г╩⌠Ф²÷
2023/06/12 21:26:55 
2023/06/12 21:27:11 
2023/06/12 21:27:17 Х©░Х║▄Г╩⌠Ф²÷
2023/06/12 21:27:17 
2023/06/12 21:27:34 
2023/06/12 21:27:39 Х©░Х║▄Г╩⌠Ф²÷
2023/06/12 21:27:39 
2023/06/12 21:27:56 
2023/06/12 21:28:02 Х©░Х║▄Г╩⌠Ф²÷
2023/06/12 21:28:02 
2023/06/12 21:28:18 
2023/06/12 21:28:24 Х©░Х║▄Г╩⌠Ф²÷
2023/06/12 21:28:24 
2023/06/12 21:28:40 
2023/06/12 21:28:46 Х©░Х║▄Г╩⌠Ф²÷
2023/06/12 21:28:46 
2023/06/12 21:29:03 
2023/06/12 21:29:08 Х©░Х║▄Г╩⌠Ф²÷
2023/06/12 21:29:08 
2023/06/12 21:29:25 
2023/06/12 21:29:30 Х©░Х║▄Г╩⌠Ф²÷
2023/06/12 21:29:30 
2023/06/12 21:29:47 
2023/06/12 21:29:47 Х©░Х║▄Г╩⌠Ф²÷
2023/06/12 21:29:47 
2023/06/12 21:30:04 
2023/06/12 21:30:05 Х©░Х║▄Г╩⌠Ф²÷
2023/06/12 21:30:05 
2023/06/12 21:30:21 
2023/06/12 21:30:21 Х©░Х║▄Г╩⌠Ф²÷
2023/06/12 21:30:21 
2023/06/12 21:30:37 
2023/06/12 21:30:38 Х©░Х║▄Г╩⌠Ф²÷
2023/06/12 21:30:38 
2023/06/12 21:30:54 
2023/06/12 21:30:54 Х©░Х║▄Г╩⌠Ф²÷
2023/06/12 21:30:54 
2023/06/12 21:31:10 
2023/06/12 21:31:11 Х©░Х║▄Г╩⌠Ф²÷
2023/06/12 21:31:11 
2023/06/12 21:31:27 
2023/06/12 21:31:33 Х©░Х║▄Г╩⌠Ф²÷
2023/06/12 21:31:33 
2023/06/12 21:31:49 
2023/06/12 21:31:55 Х©░Х║▄Г╩⌠Ф²÷
2023/06/12 21:31:55 
2023/06/12 21:32:11 
2023/06/12 21:32:17 Х©░Х║▄Г╩⌠Ф²÷
2023/06/12 21:32:17 
2023/06/12 21:32:33 
2023/06/12 21:32:39 Х©░Х║▄Г╩⌠Ф²÷
2023/06/12 21:32:39 
2023/06/12 21:32:56 
2023/06/12 21:32:56 Х©░Х║▄Г╩⌠Ф²÷
2023/06/12 21:32:56 
2023/06/12 21:33:14 
2023/06/12 21:33:19 Х©░Х║▄Г╩⌠Ф²÷
2023/06/12 21:33:19 
2023/06/12 21:33:35 
2023/06/12 21:33:41 Х©░Х║▄Г╩⌠Ф²÷
2023/06/12 21:33:41 
2023/06/12 21:33:58 
2023/06/12 21:34:03 Х©░Х║▄Г╩⌠Ф²÷
2023/06/12 21:34:03 
2023/06/12 21:34:20 
2023/06/12 21:34:25 Х©░Х║▄Г╩⌠Ф²÷
2023/06/12 21:34:25 
2023/06/12 21:34:42 
2023/06/12 21:34:47 Х©░Х║▄Г╩⌠Ф²÷
2023/06/12 21:34:47 
2023/06/12 21:35:03 
2023/06/12 21:35:09 Х©░Х║▄Г╩⌠Ф²÷
2023/06/12 21:35:09 
2023/06/12 21:35:26 
2023/06/12 21:35:32 Х©░Х║▄Г╩⌠Ф²÷
2023/06/12 21:35:32 
2023/06/12 21:35:52 
2023/06/12 21:35:58 Х©░Х║▄Г╩⌠Ф²÷
2023/06/12 21:35:58 
2023/06/12 21:36:14 
2023/06/12 21:36:20 Х©░Х║▄Г╩⌠Ф²÷
2023/06/12 21:36:20 
2023/06/12 21:36:39 
2023/06/12 21:36:45 Х©░Х║▄Г╩⌠Ф²÷
2023/06/12 21:36:45 
2023/06/12 21:37:03 
2023/06/12 21:37:08 Х©░Х║▄Г╩⌠Ф²÷
2023/06/12 21:37:08 
2023/06/12 21:37:25 
2023/06/12 21:37:25 Х©░Х║▄Г╩⌠Ф²÷
2023/06/12 21:37:25 
2023/06/12 21:37:43 
2023/06/12 21:37:48 Х©░Х║▄Г╩⌠Ф²÷
2023/06/12 21:37:48 
2023/06/12 21:38:04 
2023/06/12 21:38:10 Х©░Х║▄Г╩⌠Ф²÷
2023/06/12 21:38:10 
2023/06/12 21:38:26 
2023/06/12 21:38:32 Х©░Х║▄Г╩⌠Ф²÷
2023/06/12 21:38:32 
2023/06/12 21:38:48 
2023/06/12 21:38:54 Х©░Х║▄Г╩⌠Ф²÷
2023/06/12 21:38:54 
2023/06/12 21:39:10 
2023/06/12 21:39:16 Х©░Х║▄Г╩⌠Ф²÷
2023/06/12 21:39:16 
2023/06/12 21:39:32 
2023/06/12 21:39:38 Х©░Х║▄Г╩⌠Ф²÷
2023/06/12 21:39:38 
2023/06/12 21:39:54 
2023/06/12 21:39:59 Х©░Х║▄Г╩⌠Ф²÷
2023/06/12 21:39:59 
2023/06/12 21:40:16 
2023/06/12 21:40:22 Х©░Х║▄Г╩⌠Ф²÷
2023/06/12 21:40:22 
2023/06/12 21:40:40 
2023/06/12 21:40:45 Х©░Х║▄Г╩⌠Ф²÷
2023/06/12 21:40:45 
2023/06/12 21:41:02 
2023/06/12 21:41:07 Х©░Х║▄Г╩⌠Ф²÷
2023/06/12 21:41:07 
2023/06/12 21:41:23 
2023/06/12 21:41:29 Х©░Х║▄Г╩⌠Ф²÷
2023/06/12 21:41:29 
2023/06/12 21:41:45 
2023/06/12 21:41:51 Х©░Х║▄Г╩⌠Ф²÷
2023/06/12 21:41:51 
2023/06/12 21:42:07 
2023/06/12 21:42:07 Х©░Х║▄Г╩⌠Ф²÷
2023/06/12 21:42:07 
2023/06/12 21:42:24 
2023/06/12 21:42:29 Х©░Х║▄Г╩⌠Ф²÷
2023/06/12 21:42:29 
2023/06/12 21:42:46 
2023/06/12 21:42:46 Х©░Х║▄Г╩⌠Ф²÷
2023/06/12 21:42:46 
2023/06/12 21:43:04 
2023/06/12 21:43:04 Х©░Х║▄Г╩⌠Ф²÷
2023/06/12 21:43:04 
2023/06/12 21:43:20 
2023/06/12 21:43:21 Х©░Х║▄Г╩⌠Ф²÷
2023/06/12 21:43:21 
2023/06/12 21:43:37 
2023/06/12 21:43:37 Х©░Х║▄Г╩⌠Ф²÷
2023/06/12 21:43:37 
2023/06/12 21:51:03 
2023/06/12 21:51:18 Х©░Х║▄Г╩⌠Ф²÷
2023/06/12 21:51:18 
2023/06/12 21:51:34 
2023/06/12 21:51:49 Х©░Х║▄Г╩⌠Ф²÷
2023/06/12 21:51:49 
2023/06/12 21:53:16 
2023/06/12 21:53:31 Х©░Х║▄Г╩⌠Ф²÷
2023/06/12 21:53:31 
2023/06/12 21:53:48 
2023/06/12 21:54:02 Х©░Х║▄Г╩⌠Ф²÷
2023/06/12 21:54:02 
2023/06/12 22:17:26 
2023/06/12 22:17:41 Х©░Х║▄Г╩⌠Ф²÷
2023/06/12 22:17:41 
2023/06/12 22:17:57 
2023/06/12 22:18:12 Х©░Х║▄Г╩⌠Ф²÷
2023/06/12 22:18:12 
2023/06/12 22:18:28 
2023/06/12 22:18:43 Х©░Х║▄Г╩⌠Ф²÷
2023/06/12 22:18:43 
2023/06/12 22:18:59 
2023/06/12 22:19:14 Х©░Х║▄Г╩⌠Ф²÷
2023/06/12 22:19:14 
2023/06/12 22:19:31 
2023/06/12 22:19:45 Х©░Х║▄Г╩⌠Ф²÷
2023/06/12 22:19:45 
2023/06/12 22:20:01 
2023/06/12 22:20:16 Х©░Х║▄Г╩⌠Ф²÷
2023/06/12 22:20:16 
2023/06/12 22:20:32 
2023/06/12 22:20:47 Х©░Х║▄Г╩⌠Ф²÷
2023/06/12 22:20:47 
2023/06/12 22:21:03 
2023/06/12 22:21:18 Х©░Х║▄Г╩⌠Ф²÷
2023/06/12 22:21:18 
2023/06/12 22:21:36 
2023/06/12 22:21:50 Х©░Х║▄Г╩⌠Ф²÷
2023/06/12 22:21:50 
2023/06/12 22:22:07 
2023/06/12 22:22:07 Х©░Х║▄Г╩⌠Ф²÷
2023/06/12 22:22:07 
2023/06/12 22:22:24 
2023/06/12 22:22:39 Х©░Х║▄Г╩⌠Ф²÷
2023/06/12 22:22:39 
2023/06/12 22:22:55 
2023/06/12 22:23:10 Х©░Х║▄Г╩⌠Ф²÷
2023/06/12 22:23:10 
2023/06/12 22:23:27 
2023/06/12 22:23:41 Х©░Х║▄Г╩⌠Ф²÷
2023/06/12 22:23:41 
2023/06/12 22:23:58 
2023/06/12 22:23:58 Х©░Х║▄Г╩⌠Ф²÷
2023/06/12 22:23:58 
2023/06/12 22:24:14 
2023/06/12 22:24:15 Х©░Х║▄Г╩⌠Ф²÷
2023/06/12 22:24:15 
2023/06/12 22:24:31 
2023/06/12 22:24:31 Х©░Х║▄Г╩⌠Ф²÷
2023/06/12 22:24:31 
2023/06/12 22:24:48 
2023/06/12 22:24:48 Х©░Х║▄Г╩⌠Ф²÷
2023/06/12 22:24:48 
2023/06/12 22:25:05 
2023/06/12 22:25:05 Х©░Х║▄Г╩⌠Ф²÷
2023/06/12 22:25:05 
2023/06/12 22:25:21 
2023/06/12 22:26:18 Х©░Х║▄Г╩⌠Ф²÷
2023/06/12 22:26:18 
2023/06/12 22:26:37 
2023/06/12 22:26:51 Х©░Х║▄Г╩⌠Ф²÷
2023/06/12 22:26:51 
2023/06/12 22:27:08 
2023/06/12 22:27:28 Х©░Х║▄Г╩⌠Ф²÷
2023/06/12 22:27:28 
2023/06/12 22:27:45 
2023/06/12 22:28:00 Х©░Х║▄Г╩⌠Ф²÷
2023/06/12 22:28:00 
2023/06/12 22:28:16 
2023/06/12 22:28:16 Х©░Х║▄Г╩⌠Ф²÷
2023/06/12 22:28:16 
2023/06/12 22:28:33 
2023/06/12 22:28:47 Х©░Х║▄Г╩⌠Ф²÷
2023/06/12 22:28:47 
2023/06/12 22:29:04 
2023/06/12 22:29:18 Х©░Х║▄Г╩⌠Ф²÷
2023/06/12 22:29:18 
2023/06/12 22:29:34 
2023/06/12 22:29:49 Х©░Х║▄Г╩⌠Ф²÷
2023/06/12 22:29:49 
2023/06/12 22:30:06 
2023/06/12 22:30:20 Х©░Х║▄Г╩⌠Ф²÷
2023/06/12 22:30:20 
2023/06/12 22:30:37 
2023/06/12 22:30:51 Х©░Х║▄Г╩⌠Ф²÷
2023/06/12 22:30:51 
2023/06/12 22:31:10 
2023/06/12 22:31:25 Х©░Х║▄Г╩⌠Ф²÷
2023/06/12 22:31:25 
2023/06/12 22:31:42 
2023/06/12 22:31:56 Х©░Х║▄Г╩⌠Ф²÷
2023/06/12 22:31:56 
2023/06/12 22:32:13 
2023/06/12 22:32:27 Х©░Х║▄Г╩⌠Ф²÷
2023/06/12 22:32:27 
2023/06/12 22:32:44 
2023/06/12 22:32:58 Х©░Х║▄Г╩⌠Ф²÷
2023/06/12 22:32:58 
2023/06/12 22:33:15 
2023/06/12 22:33:29 Х©░Х║▄Г╩⌠Ф²÷
2023/06/12 22:33:29 
2023/06/12 22:33:46 
2023/06/12 22:34:00 Х©░Х║▄Г╩⌠Ф²÷
2023/06/12 22:34:00 
2023/06/12 22:34:17 
2023/06/12 22:34:31 Х©░Х║▄Г╩⌠Ф²÷
2023/06/12 22:34:31 
2023/06/12 22:34:48 
2023/06/12 22:35:02 Х©░Х║▄Г╩⌠Ф²÷
2023/06/12 22:35:02 
2023/06/12 22:35:20 
2023/06/12 22:35:20 Х©░Х║▄Г╩⌠Ф²÷
2023/06/12 22:35:20 
2023/06/12 22:35:37 
2023/06/12 22:35:51 Х©░Х║▄Г╩⌠Ф²÷
2023/06/12 22:35:51 
2023/06/12 22:36:08 
2023/06/12 22:36:23 Х©░Х║▄Г╩⌠Ф²÷
2023/06/12 22:36:23 
2023/06/12 22:36:39 
2023/06/12 22:36:54 Х©░Х║▄Г╩⌠Ф²÷
2023/06/12 22:36:54 
2023/06/12 22:37:10 
2023/06/12 22:37:25 Х©░Х║▄Г╩⌠Ф²÷
2023/06/12 22:37:25 
2023/06/12 22:37:41 
2023/06/12 22:37:56 Х©░Х║▄Г╩⌠Ф²÷
2023/06/12 22:37:56 
2023/06/12 22:38:13 
2023/06/12 22:38:27 Х©░Х║▄Г╩⌠Ф²÷
2023/06/12 22:38:27 
2023/06/12 22:38:44 
2023/06/12 22:38:58 Х©░Х║▄Г╩⌠Ф²÷
2023/06/12 22:38:58 
2023/06/12 22:39:15 
2023/06/12 22:39:29 Х©░Х║▄Г╩⌠Ф²÷
2023/06/12 22:39:29 
2023/06/12 22:39:46 
2023/06/12 22:40:00 Х©░Х║▄Г╩⌠Ф²÷
2023/06/12 22:40:00 
2023/06/12 22:40:18 
2023/06/12 22:40:32 Х©░Х║▄Г╩⌠Ф²÷
2023/06/12 22:40:32 
2023/06/12 22:40:49 
2023/06/12 22:41:03 Х©░Х║▄Г╩⌠Ф²÷
2023/06/12 22:41:03 
2023/06/12 22:41:20 
2023/06/12 22:41:20 Х©░Х║▄Г╩⌠Ф²÷
2023/06/12 22:41:20 
2023/06/12 22:41:36 
2023/06/12 22:41:37 Х©░Х║▄Г╩⌠Ф²÷
2023/06/12 22:41:37 
2023/06/12 22:41:53 
2023/06/12 22:41:53 Х©░Х║▄Г╩⌠Ф²÷
2023/06/12 22:41:53 
2023/06/12 22:42:09 
2023/06/12 22:42:10 Х©░Х║▄Г╩⌠Ф²÷
2023/06/12 22:42:10 
2023/06/12 22:42:28 
2023/06/12 22:42:28 Х©░Х║▄Г╩⌠Ф²÷
2023/06/12 22:42:28 
2023/06/12 22:45:24 
2023/06/12 22:45:39 Х©░Х║▄Г╩⌠Ф²÷
2023/06/12 22:45:39 
2023/06/12 22:45:55 
2023/06/12 22:46:10 Х©░Х║▄Г╩⌠Ф²÷
2023/06/12 22:46:10 
2023/06/12 22:52:14 
2023/06/12 22:52:29 Х©░Х║▄Г╩⌠Ф²÷
2023/06/12 22:52:29 
2023/06/12 22:52:45 
2023/06/12 22:53:00 Х©░Х║▄Г╩⌠Ф²÷
2023/06/12 22:53:00 
2023/06/13 20:25:28 
2023/06/13 20:25:43 Х©░Х║▄Г╩⌠Ф²÷
2023/06/13 20:25:43 
2023/06/13 20:25:59 
2023/06/13 20:26:14 Х©░Х║▄Г╩⌠Ф²÷
2023/06/13 20:26:14 
2023/06/13 20:26:30 
2023/06/13 20:26:45 Х©░Х║▄Г╩⌠Ф²÷
2023/06/13 20:26:45 
2023/06/13 20:27:01 
2023/06/13 20:27:16 Х©░Х║▄Г╩⌠Ф²÷
2023/06/13 20:27:16 
2023/06/13 20:27:32 
2023/06/13 20:27:47 Х©░Х║▄Г╩⌠Ф²÷
2023/06/13 20:27:47 
2023/06/13 20:28:03 
2023/06/13 20:28:18 Х©░Х║▄Г╩⌠Ф²÷
2023/06/13 20:28:18 
2023/06/13 20:28:34 
2023/06/13 20:28:49 Х©░Х║▄Г╩⌠Ф²÷
2023/06/13 20:28:49 
2023/06/13 20:29:05 
2023/06/13 20:29:20 Х©░Х║▄Г╩⌠Ф²÷
2023/06/13 20:29:20 
2023/06/13 20:29:36 
2023/06/13 20:29:51 Х©░Х║▄Г╩⌠Ф²÷
2023/06/13 20:29:51 
2023/06/13 20:30:07 
2023/06/13 20:30:22 Х©░Х║▄Г╩⌠Ф²÷
2023/06/13 20:30:22 
2023/06/13 20:30:38 
2023/06/13 20:30:39 Х©░Х║▄Г╩⌠Ф²÷
2023/06/13 20:30:39 
2023/06/13 20:30:55 
2023/06/13 20:31:10 Х©░Х║▄Г╩⌠Ф²÷
2023/06/13 20:31:10 
2023/06/13 20:31:26 
2023/06/13 20:31:26 Х©░Х║▄Г╩⌠Ф²÷
2023/06/13 20:31:26 
2023/06/13 20:31:43 
2023/06/13 20:31:57 Х©░Х║▄Г╩⌠Ф²÷
2023/06/13 20:31:57 
2023/06/13 20:32:14 
2023/06/13 20:32:14 Х©░Х║▄Г╩⌠Ф²÷
2023/06/13 20:32:14 
2023/06/13 20:32:30 
2023/06/13 20:32:30 Х©░Х║▄Г╩⌠Ф²÷
2023/06/13 20:32:30 
2023/06/13 20:32:47 
2023/06/13 20:32:47 Х©░Х║▄Г╩⌠Ф²÷
2023/06/13 20:32:47 
2023/06/13 20:33:03 
2023/06/13 20:33:04 Х©░Х║▄Г╩⌠Ф²÷
2023/06/13 20:33:04 
2023/06/13 20:33:20 
2023/06/13 20:33:40 Х©░Х║▄Г╩⌠Ф²÷
2023/06/13 20:33:40 
2023/06/13 20:33:57 
2023/06/13 20:34:12 Х©░Х║▄Г╩⌠Ф²÷
2023/06/13 20:34:12 
2023/06/13 20:34:28 
2023/06/13 20:35:25 Х©░Х║▄Г╩⌠Ф²÷
2023/06/13 20:35:25 
2023/06/13 20:35:44 
2023/06/13 20:35:59 Х©░Х║▄Г╩⌠Ф²÷
2023/06/13 20:35:59 
2023/06/13 20:36:15 
2023/06/13 20:36:15 Х©░Х║▄Г╩⌠Ф²÷
2023/06/13 20:36:15 
2023/06/13 20:36:32 
2023/06/13 20:36:46 Х©░Х║▄Г╩⌠Ф²÷
2023/06/13 20:36:46 
2023/06/13 20:37:02 
2023/06/13 20:37:17 Х©░Х║▄Г╩⌠Ф²÷
2023/06/13 20:37:17 
2023/06/13 20:37:33 
2023/06/13 20:37:48 Х©░Х║▄Г╩⌠Ф²÷
2023/06/13 20:37:48 
2023/06/13 20:38:04 
2023/06/13 20:38:19 Х©░Х║▄Г╩⌠Ф²÷
2023/06/13 20:38:19 
2023/06/13 20:38:35 
2023/06/13 20:38:50 Х©░Х║▄Г╩⌠Ф²÷
2023/06/13 20:38:50 
2023/06/13 20:39:06 
2023/06/13 20:39:21 Х©░Х║▄Г╩⌠Ф²÷
2023/06/13 20:39:21 
2023/06/13 20:39:37 
2023/06/13 20:39:52 Х©░Х║▄Г╩⌠Ф²÷
2023/06/13 20:39:52 
2023/06/13 20:40:08 
2023/06/13 20:40:22 Х©░Х║▄Г╩⌠Ф²÷
2023/06/13 20:40:22 
2023/06/13 20:40:39 
2023/06/13 20:40:53 Х©░Х║▄Г╩⌠Ф²÷
2023/06/13 20:40:53 
2023/06/13 20:41:10 
2023/06/13 20:41:24 Х©░Х║▄Г╩⌠Ф²÷
2023/06/13 20:41:24 
2023/06/13 20:41:42 
2023/06/13 20:41:56 Х©░Х║▄Г╩⌠Ф²÷
2023/06/13 20:41:56 
2023/06/13 20:42:13 
2023/06/13 20:42:27 Х©░Х║▄Г╩⌠Ф²÷
2023/06/13 20:42:27 
2023/06/13 20:42:44 
2023/06/13 20:42:59 Х©░Х║▄Г╩⌠Ф²÷
2023/06/13 20:42:59 
2023/06/13 20:43:15 
2023/06/13 20:43:15 Х©░Х║▄Г╩⌠Ф²÷
2023/06/13 20:43:15 
2023/06/13 20:43:31 
2023/06/13 20:43:46 Х©░Х║▄Г╩⌠Ф²÷
2023/06/13 20:43:46 
2023/06/13 20:44:02 
2023/06/13 20:44:17 Х©░Х║▄Г╩⌠Ф²÷
2023/06/13 20:44:17 
2023/06/13 20:44:33 
2023/06/13 20:44:48 Х©░Х║▄Г╩⌠Ф²÷
2023/06/13 20:44:48 
2023/06/13 20:45:04 
2023/06/13 20:45:19 Х©░Х║▄Г╩⌠Ф²÷
2023/06/13 20:45:19 
2023/06/13 20:45:35 
2023/06/13 20:45:50 Х©░Х║▄Г╩⌠Ф²÷
2023/06/13 20:45:50 
2023/06/13 20:46:06 
2023/06/13 20:46:21 Х©░Х║▄Г╩⌠Ф²÷
2023/06/13 20:46:21 
2023/06/13 20:46:37 
2023/06/13 20:46:52 Х©░Х║▄Г╩⌠Ф²÷
2023/06/13 20:46:52 
2023/06/13 20:47:08 
2023/06/13 20:47:23 Х©░Х║▄Г╩⌠Ф²÷
2023/06/13 20:47:23 
2023/06/13 20:47:39 
2023/06/13 20:47:54 Х©░Х║▄Г╩⌠Ф²÷
2023/06/13 20:47:54 
2023/06/13 20:48:10 
2023/06/13 20:48:25 Х©░Х║▄Г╩⌠Ф²÷
2023/06/13 20:48:25 
2023/06/13 20:48:41 
2023/06/13 20:48:41 Х©░Х║▄Г╩⌠Ф²÷
2023/06/13 20:48:41 
2023/06/13 20:48:58 
2023/06/13 20:49:12 Х©░Х║▄Г╩⌠Ф²÷
2023/06/13 20:49:12 
2023/06/13 20:49:30 
2023/06/13 20:49:30 Х©░Х║▄Г╩⌠Ф²÷
2023/06/13 20:49:30 
2023/06/13 20:49:53 
2023/06/13 20:49:53 Х©░Х║▄Г╩⌠Ф²÷
2023/06/13 20:49:53 
2023/06/13 20:50:10 
2023/06/13 20:50:10 Х©░Х║▄Г╩⌠Ф²÷
2023/06/13 20:50:10 
2023/06/13 20:50:26 
2023/06/13 20:50:26 Х©░Х║▄Г╩⌠Ф²÷
2023/06/13 20:50:26 
2023/06/13 20:54:46 
2023/06/13 20:55:00 Х©░Х║▄Г╩⌠Ф²÷
2023/06/13 20:55:00 
2023/06/13 20:55:18 
2023/06/13 20:55:33 Х©░Х║▄Г╩⌠Ф²÷
2023/06/13 20:55:33 
2023/06/13 21:00:45 
2023/06/13 21:00:59 Х©░Х║▄Г╩⌠Ф²÷
2023/06/13 21:00:59 
2023/06/13 21:01:16 
2023/06/13 21:01:30 Х©░Х║▄Г╩⌠Ф²÷
2023/06/13 21:01:30 
2023/06/13 21:01:47 Ф√┤Д╩╤Ф┴⌠Е╪─Е╓╠Х╢╔ =  open : The system cannot find the file specified.
2023/06/15 20:43:42 
2023/06/15 20:43:47 Х©░Х║▄Г╩⌠Ф²÷
2023/06/15 20:43:47 
2023/06/15 20:44:04 
2023/06/15 20:44:09 Х©░Х║▄Г╩⌠Ф²÷
2023/06/15 20:44:09 
2023/06/15 20:44:27 
2023/06/15 20:44:33 Х©░Х║▄Г╩⌠Ф²÷
2023/06/15 20:44:33 
2023/06/15 20:44:49 
2023/06/15 20:44:55 Х©░Х║▄Г╩⌠Ф²÷
2023/06/15 20:44:55 
2023/06/15 20:45:11 
2023/06/15 20:45:17 Х©░Х║▄Г╩⌠Ф²÷
2023/06/15 20:45:17 
2023/06/15 20:45:33 
2023/06/15 20:45:39 Х©░Х║▄Г╩⌠Ф²÷
2023/06/15 20:45:39 
2023/06/15 20:45:55 
2023/06/15 20:46:01 Х©░Х║▄Г╩⌠Ф²÷
2023/06/15 20:46:01 
2023/06/15 20:46:17 
2023/06/15 20:46:23 Х©░Х║▄Г╩⌠Ф²÷
2023/06/15 20:46:23 
2023/06/15 20:46:39 
2023/06/15 20:46:45 Х©░Х║▄Г╩⌠Ф²÷
2023/06/15 20:46:45 
2023/06/15 20:47:01 
2023/06/15 20:47:06 Х©░Х║▄Г╩⌠Ф²÷
2023/06/15 20:47:06 
2023/06/15 20:47:23 
2023/06/15 20:47:28 Х©░Х║▄Г╩⌠Ф²÷
2023/06/15 20:47:28 
2023/06/15 20:47:45 
2023/06/15 20:47:50 Х©░Х║▄Г╩⌠Ф²÷
2023/06/15 20:47:50 
2023/06/15 20:48:07 
2023/06/15 20:48:07 Х©░Х║▄Г╩⌠Ф²÷
2023/06/15 20:48:07 
2023/06/15 20:48:24 
2023/06/15 20:48:24 Х©░Х║▄Г╩⌠Ф²÷
2023/06/15 20:48:24 
2023/06/15 20:48:40 
2023/06/15 20:48:41 Х©░Х║▄Г╩⌠Ф²÷
2023/06/15 20:48:41 
2023/06/15 20:48:57 
2023/06/15 20:48:57 Х©░Х║▄Г╩⌠Ф²÷
2023/06/15 20:48:57 
2023/06/15 20:49:14 
2023/06/15 20:49:14 Х©░Х║▄Г╩⌠Ф²÷
2023/06/15 20:49:14 
2023/06/15 20:49:31 
2023/06/15 20:49:31 Х©░Х║▄Г╩⌠Ф²÷
2023/06/15 20:49:31 
2023/06/15 20:49:47 
2023/06/15 20:49:53 Х©░Х║▄Г╩⌠Ф²÷
2023/06/15 20:49:53 
2023/06/15 20:50:09 
2023/06/15 20:50:15 Х©░Х║▄Г╩⌠Ф²÷
2023/06/15 20:50:15 
2023/06/15 20:50:31 
2023/06/15 20:50:37 Х©░Х║▄Г╩⌠Ф²÷
2023/06/15 20:50:37 
2023/06/15 20:50:53 
2023/06/15 20:50:59 Х©░Х║▄Г╩⌠Ф²÷
2023/06/15 20:50:59 
2023/06/15 20:51:15 
2023/06/15 20:51:16 Х©░Х║▄Г╩⌠Ф²÷
2023/06/15 20:51:16 
2023/06/15 20:51:32 
2023/06/15 20:51:38 Х©░Х║▄Г╩⌠Ф²÷
2023/06/15 20:51:38 
2023/06/15 20:51:54 
2023/06/15 20:52:00 Х©░Х║▄Г╩⌠Ф²÷
2023/06/15 20:52:00 
2023/06/15 20:52:16 
2023/06/15 20:52:22 Х©░Х║▄Г╩⌠Ф²÷
2023/06/15 20:52:22 
2023/06/15 20:52:38 
2023/06/15 20:52:44 Х©░Х║▄Г╩⌠Ф²÷
2023/06/15 20:52:44 
2023/06/15 20:53:00 
2023/06/15 20:53:06 Х©░Х║▄Г╩⌠Ф²÷
2023/06/15 20:53:06 
2023/06/15 20:53:22 
2023/06/15 20:53:28 Х©░Х║▄Г╩⌠Ф²÷
2023/06/15 20:53:28 
2023/06/15 20:53:44 
2023/06/15 20:53:50 Х©░Х║▄Г╩⌠Ф²÷
2023/06/15 20:53:50 
2023/06/15 20:54:06 
2023/06/15 20:54:12 Х©░Х║▄Г╩⌠Ф²÷
2023/06/15 20:54:12 
2023/06/15 20:54:28 
2023/06/15 20:54:34 Х©░Х║▄Г╩⌠Ф²÷
2023/06/15 20:54:34 
2023/06/15 20:54:50 
2023/06/15 20:54:56 Х©░Х║▄Г╩⌠Ф²÷
2023/06/15 20:54:56 
2023/06/15 20:55:12 
2023/06/15 20:55:18 Х©░Х║▄Г╩⌠Ф²÷
2023/06/15 20:55:18 
2023/06/15 20:55:34 
2023/06/15 20:55:40 Х©░Х║▄Г╩⌠Ф²÷
2023/06/15 20:55:40 
2023/06/15 20:55:56 
2023/06/15 20:56:02 Х©░Х║▄Г╩⌠Ф²÷
2023/06/15 20:56:02 
2023/06/15 20:56:18 
2023/06/15 20:56:19 Х©░Х║▄Г╩⌠Ф²÷
2023/06/15 20:56:19 
2023/06/15 20:56:35 
2023/06/15 20:56:41 Х©░Х║▄Г╩⌠Ф²÷
2023/06/15 20:56:41 
2023/06/15 20:56:57 
2023/06/15 20:57:03 Х©░Х║▄Г╩⌠Ф²÷
2023/06/15 20:57:03 
2023/06/15 20:57:19 
2023/06/15 20:57:25 Х©░Х║▄Г╩⌠Ф²÷
2023/06/15 20:57:25 
2023/06/15 20:57:41 
2023/06/15 20:57:47 Х©░Х║▄Г╩⌠Ф²÷
2023/06/15 20:57:47 
2023/06/15 20:58:04 
2023/06/15 20:58:09 Х©░Х║▄Г╩⌠Ф²÷
2023/06/15 20:58:09 
2023/06/15 20:58:26 
2023/06/15 20:58:31 Х©░Х║▄Г╩⌠Ф²÷
2023/06/15 20:58:31 
2023/06/15 20:58:48 
2023/06/15 20:58:53 Х©░Х║▄Г╩⌠Ф²÷
2023/06/15 20:58:53 
2023/06/15 20:59:10 
2023/06/15 20:59:15 Х©░Х║▄Г╩⌠Ф²÷
2023/06/15 20:59:15 
2023/06/15 20:59:32 
2023/06/15 20:59:37 Х©░Х║▄Г╩⌠Ф²÷
2023/06/15 20:59:37 
2023/06/15 20:59:54 
2023/06/15 20:59:59 Х©░Х║▄Г╩⌠Ф²÷
2023/06/15 20:59:59 
2023/06/15 21:00:16 
2023/06/15 21:00:16 Х©░Х║▄Г╩⌠Ф²÷
2023/06/15 21:00:16 
2023/06/15 21:00:32 
2023/06/15 21:00:33 Х©░Х║▄Г╩⌠Ф²÷
2023/06/15 21:00:33 
2023/06/15 21:00:49 
2023/06/15 21:00:55 Х©░Х║▄Г╩⌠Ф²÷
2023/06/15 21:00:55 
2023/06/15 21:01:11 
2023/06/15 21:01:12 Х©░Х║▄Г╩⌠Ф²÷
2023/06/15 21:01:12 
2023/06/15 21:01:28 
2023/06/15 21:01:28 Х©░Х║▄Г╩⌠Ф²÷
2023/06/15 21:01:28 
2023/06/15 21:01:45 
2023/06/15 21:01:45 Х©░Х║▄Г╩⌠Ф²÷
2023/06/15 21:01:45 
2023/06/15 21:03:28 
2023/06/15 21:03:43 Х©░Х║▄Г╩⌠Ф²÷
2023/06/15 21:03:43 
2023/06/15 21:03:59 
2023/06/15 21:04:14 Х©░Х║▄Г╩⌠Ф²÷
2023/06/15 21:04:14 
2023/06/15 21:05:41 
2023/06/15 21:05:56 Х©░Х║▄Г╩⌠Ф²÷
2023/06/15 21:05:56 
2023/06/15 21:06:12 
2023/06/15 21:06:27 Х©░Х║▄Г╩⌠Ф²÷
2023/06/15 21:06:27 
2023/06/15 21:11:26 
2023/06/15 21:11:46 Х©░Х║▄Г╩⌠Ф²÷
2023/06/15 21:11:46 
2023/06/15 21:12:03 
2023/06/15 21:13:07 Х©░Х║▄Г╩⌠Ф²÷
2023/06/15 21:13:07 
2023/06/15 21:16:13 Ф√┤Д╩╤Ф┴⌠Е╪─Е╓╠Х╢╔ =  open : The system cannot find the file specified.
