2023/07/03 17:16:30 è¿è¡Œç»“æŸ
2023/07/03 17:16:57 è¿è¡Œç»“æŸ
2023/07/03 17:17:24 è¿è¡Œç»“æŸ
2023/07/03 17:17:51 è¿è¡Œç»“æŸ
2023/07/03 17:18:18 è¿è¡Œç»“æŸ
2023/07/03 17:18:41 è¿è¡Œç»“æŸ
2023/07/03 17:19:03 è¿è¡Œç»“æŸ
2023/07/03 17:19:25 è¿è¡Œç»“æŸ
2023/07/03 17:19:51 è¿è¡Œç»“æŸ
2023/07/03 17:20:18 è¿è¡Œç»“æŸ
2023/07/03 17:20:46 è¿è¡Œç»“æŸ
2023/07/03 17:21:03 è¿è¡Œç»“æŸ
2023/07/03 17:21:20 è¿è¡Œç»“æŸ
2023/07/03 17:21:42 è¿è¡Œç»“æŸ
2023/07/03 17:21:59 è¿è¡Œç»“æŸ
2023/07/03 17:22:15 è¿è¡Œç»“æŸ
2023/07/03 17:22:32 è¿è¡Œç»“æŸ
2023/07/03 17:22:49 è¿è¡Œç»“æŸ
2023/07/03 17:23:11 è¿è¡Œç»“æŸ
2023/07/03 17:23:23 katanascan cmd.Run() failed with exit status 255
%!(EXTRA string=
   __        __                
  / /_____ _/ /____ ____  ___ _
 /  '_/ _  / __/ _  / _ \/ _  /
/_/\_\\_,_/\__/\_,_/_//_/\_,_/							 

		projectdiscovery.io

[[34mINF[0m] Current katana version v1.0.1 ([91moutdated[0m)
[[34mINF[0m] Started standard crawling for => http://36.155.98.104:11183/index.php?a=Admin
'c' ²»ÊÇÄÚ²¿»òÍâ²¿ÃüÁî£¬Ò²²»ÊÇ¿ÉÔËĞĞµÄ³ÌĞò
»òÅú´¦ÀíÎÄ¼ş¡£
'm' ²»ÊÇÄÚ²¿»òÍâ²¿ÃüÁî£¬Ò²²»ÊÇ¿ÉÔËĞĞµÄ³ÌĞò
»òÅú´¦ÀíÎÄ¼ş¡£
)
2023/07/03 17:27:50 è¿è¡Œç»“æŸ
2023/07/03 17:28:13 è¿è¡Œç»“æŸ
2023/07/03 17:28:35 è¿è¡Œç»“æŸ
2023/07/03 17:29:02 è¿è¡Œç»“æŸ
2023/07/03 17:29:29 è¿è¡Œç»“æŸ
2023/07/03 17:29:56 è¿è¡Œç»“æŸ
2023/07/03 17:36:59 è¿è¡Œç»“æŸ
2023/07/03 17:37:22 è¿è¡Œç»“æŸ
2023/07/03 17:37:49 è¿è¡Œç»“æŸ
2023/07/03 17:38:17 è¿è¡Œç»“æŸ
2023/07/03 17:38:44 è¿è¡Œç»“æŸ
2023/07/03 17:39:11 è¿è¡Œç»“æŸ
2023/07/03 17:39:38 è¿è¡Œç»“æŸ
2023/07/03 17:40:00 è¿è¡Œç»“æŸ
2023/07/03 17:40:23 è¿è¡Œç»“æŸ
2023/07/03 17:40:45 è¿è¡Œç»“æŸ
2023/07/03 17:41:07 è¿è¡Œç»“æŸ
2023/07/03 17:41:24 è¿è¡Œç»“æŸ
2023/07/03 17:41:46 è¿è¡Œç»“æŸ
2023/07/03 17:42:03 è¿è¡Œç»“æŸ
2023/07/03 17:42:19 è¿è¡Œç»“æŸ
2023/07/03 17:42:36 è¿è¡Œç»“æŸ
2023/07/03 17:42:53 è¿è¡Œç»“æŸ
2023/07/03 17:43:10 è¿è¡Œç»“æŸ
2023/07/03 17:43:37 è¿è¡Œç»“æŸ
2023/07/03 17:44:04 è¿è¡Œç»“æŸ
2023/07/03 17:44:27 è¿è¡Œç»“æŸ
2023/07/03 17:44:43 è¿è¡Œç»“æŸ
2023/07/03 17:45:06 è¿è¡Œç»“æŸ
2023/07/03 17:45:17 katanascan cmd.Run() failed with exit status 255
%!(EXTRA string=
   __        __                
  / /_____ _/ /____ ____  ___ _
 /  '_/ _  / __/ _  / _ \/ _  /
/_/\_\\_,_/\__/\_,_/_//_/\_,_/							 

		projectdiscovery.io

[[34mINF[0m] Current katana version v1.0.1 ([91moutdated[0m)
[[34mINF[0m] Started standard crawling for => http://36.155.98.104:11183/index.php?a=Admin
'c' ²»ÊÇÄÚ²¿»òÍâ²¿ÃüÁî£¬Ò²²»ÊÇ¿ÉÔËĞĞµÄ³ÌĞò
»òÅú´¦ÀíÎÄ¼ş¡£
'm' ²»ÊÇÄÚ²¿»òÍâ²¿ÃüÁî£¬Ò²²»ÊÇ¿ÉÔËĞĞµÄ³ÌĞò
»òÅú´¦ÀíÎÄ¼ş¡£
)
2023/07/03 17:56:57 è¿è¡Œç»“æŸ
2023/07/03 17:58:22 è¿è¡Œç»“æŸ
2023/07/03 17:58:49 è¿è¡Œç»“æŸ
2023/07/03 17:59:11 è¿è¡Œç»“æŸ
2023/07/03 17:59:37 è¿è¡Œç»“æŸ
2023/07/03 18:00:05 è¿è¡Œç»“æŸ
2023/07/03 18:00:32 è¿è¡Œç»“æŸ
2023/07/03 18:00:59 è¿è¡Œç»“æŸ
2023/07/03 18:01:26 è¿è¡Œç»“æŸ
2023/07/03 18:01:44 è¿è¡Œç»“æŸ
2023/07/03 18:02:11 è¿è¡Œç»“æŸ
2023/07/03 18:02:39 è¿è¡Œç»“æŸ
2023/07/03 18:03:06 è¿è¡Œç»“æŸ
2023/07/03 18:03:22 è¿è¡Œç»“æŸ
2023/07/03 18:03:40 è¿è¡Œç»“æŸ
2023/07/03 18:03:56 è¿è¡Œç»“æŸ
2023/07/03 18:04:13 è¿è¡Œç»“æŸ
2023/07/03 18:04:30 è¿è¡Œç»“æŸ
2023/07/03 18:04:58 è¿è¡Œç»“æŸ
2023/07/03 18:05:20 è¿è¡Œç»“æŸ
2023/07/03 18:05:42 è¿è¡Œç»“æŸ
2023/07/03 18:05:54 katanascan cmd.Run() failed with exit status 255
%!(EXTRA string=
   __        __                
  / /_____ _/ /____ ____  ___ _
 /  '_/ _  / __/ _  / _ \/ _  /
/_/\_\\_,_/\__/\_,_/_//_/\_,_/							 

		projectdiscovery.io

[[34mINF[0m] Current katana version v1.0.1 ([91moutdated[0m)
[[34mINF[0m] Started standard crawling for => http://36.155.98.104:11183/index.php?a=Admin
'c' ²»ÊÇÄÚ²¿»òÍâ²¿ÃüÁî£¬Ò²²»ÊÇ¿ÉÔËĞĞµÄ³ÌĞò
»òÅú´¦ÀíÎÄ¼ş¡£
'm' ²»ÊÇÄÚ²¿»òÍâ²¿ÃüÁî£¬Ò²²»ÊÇ¿ÉÔËĞĞµÄ³ÌĞò
»òÅú´¦ÀíÎÄ¼ş¡£
)
2023/07/03 20:09:43 è¿è¡Œç»“æŸ
2023/07/03 20:10:07 è¿è¡Œç»“æŸ
2023/07/03 20:10:30 è¿è¡Œç»“æŸ
2023/07/03 20:10:54 è¿è¡Œç»“æŸ
2023/07/03 20:11:17 è¿è¡Œç»“æŸ
2023/07/03 20:11:34 è¿è¡Œç»“æŸ
2023/07/03 20:11:53 è¿è¡Œç»“æŸ
2023/07/03 20:12:10 è¿è¡Œç»“æŸ
2023/07/03 20:12:27 è¿è¡Œç»“æŸ
2023/07/03 20:12:44 è¿è¡Œç»“æŸ
2023/07/03 20:13:01 è¿è¡Œç»“æŸ
2023/07/03 20:13:25 è¿è¡Œç»“æŸ
2023/07/03 20:13:36 katanascan cmd.Run() failed with exit status 255
%!(EXTRA string=
   __        __                
  / /_____ _/ /____ ____  ___ _
 /  '_/ _  / __/ _  / _ \/ _  /
/_/\_\\_,_/\__/\_,_/_//_/\_,_/							 

		projectdiscovery.io

[[34mINF[0m] Current katana version v1.0.1 ([91moutdated[0m)
[[34mINF[0m] Started standard crawling for => http://www.itsecgames.com/index.php?a=Admin
'c' ²»ÊÇÄÚ²¿»òÍâ²¿ÃüÁî£¬Ò²²»ÊÇ¿ÉÔËĞĞµÄ³ÌĞò
»òÅú´¦ÀíÎÄ¼ş¡£
'm' ²»ÊÇÄÚ²¿»òÍâ²¿ÃüÁî£¬Ò²²»ÊÇ¿ÉÔËĞĞµÄ³ÌĞò
»òÅú´¦ÀíÎÄ¼ş¡£
)
2023/07/03 20:17:17 è¿è¡Œç»“æŸ
2023/07/03 20:17:34 è¿è¡Œç»“æŸ
2023/07/03 20:17:57 è¿è¡Œç»“æŸ
2023/07/03 20:18:15 è¿è¡Œç»“æŸ
2023/07/03 20:20:23 è¿è¡Œç»“æŸ
2023/07/03 20:20:40 è¿è¡Œç»“æŸ
2023/07/03 20:20:58 è¿è¡Œç»“æŸ
2023/07/03 20:21:15 è¿è¡Œç»“æŸ
2023/07/03 20:21:32 è¿è¡Œç»“æŸ
2023/07/03 20:21:49 è¿è¡Œç»“æŸ
2023/07/03 20:22:12 è¿è¡Œç»“æŸ
2023/07/03 20:22:23 katanascan cmd.Run() failed with exit status 255
%!(EXTRA string=
   __        __                
  / /_____ _/ /____ ____  ___ _
 /  '_/ _  / __/ _  / _ \/ _  /
/_/\_\\_,_/\__/\_,_/_//_/\_,_/							 

		projectdiscovery.io

[[34mINF[0m] Current katana version v1.0.1 ([91moutdated[0m)
[[34mINF[0m] Started standard crawling for => http://www.itsecgames.com/index.php?a=Admin
'c' ²»ÊÇÄÚ²¿»òÍâ²¿ÃüÁî£¬Ò²²»ÊÇ¿ÉÔËĞĞµÄ³ÌĞò
»òÅú´¦ÀíÎÄ¼ş¡£
'm' ²»ÊÇÄÚ²¿»òÍâ²¿ÃüÁî£¬Ò²²»ÊÇ¿ÉÔËĞĞµÄ³ÌĞò
»òÅú´¦ÀíÎÄ¼ş¡£
)
2023/07/03 20:33:35 è¿è¡Œç»“æŸ
2023/07/03 20:33:52 è¿è¡Œç»“æŸ
2023/07/03 20:34:09 è¿è¡Œç»“æŸ
2023/07/03 20:34:26 è¿è¡Œç»“æŸ
2023/07/03 20:34:43 è¿è¡Œç»“æŸ
2023/07/03 20:35:00 è¿è¡Œç»“æŸ
2023/07/03 20:35:23 è¿è¡Œç»“æŸ
2023/07/03 20:35:35 katanascan cmd.Run() failed with exit status 255
%!(EXTRA string=
   __        __                
  / /_____ _/ /____ ____  ___ _
 /  '_/ _  / __/ _  / _ \/ _  /
/_/\_\\_,_/\__/\_,_/_//_/\_,_/							 

		projectdiscovery.io

[[34mINF[0m] Current katana version v1.0.1 ([91moutdated[0m)
[[34mINF[0m] Started standard crawling for => http://www.itsecgames.com/index.php?a=Admin
'c' ²»ÊÇÄÚ²¿»òÍâ²¿ÃüÁî£¬Ò²²»ÊÇ¿ÉÔËĞĞµÄ³ÌĞò
»òÅú´¦ÀíÎÄ¼ş¡£
'm' ²»ÊÇÄÚ²¿»òÍâ²¿ÃüÁî£¬Ò²²»ÊÇ¿ÉÔËĞĞµÄ³ÌĞò
»òÅú´¦ÀíÎÄ¼ş¡£
)
2023/07/03 20:42:03 è¿è¡Œç»“æŸ
2023/07/03 20:42:21 è¿è¡Œç»“æŸ
2023/07/03 20:42:38 è¿è¡Œç»“æŸ
2023/07/03 20:42:55 è¿è¡Œç»“æŸ
2023/07/03 20:43:12 è¿è¡Œç»“æŸ
2023/07/03 20:43:29 è¿è¡Œç»“æŸ
2023/07/03 20:43:53 è¿è¡Œç»“æŸ
2023/07/03 20:44:04 katanascan cmd.Run() failed with exit status 255
%!(EXTRA string=
   __        __                
  / /_____ _/ /____ ____  ___ _
 /  '_/ _  / __/ _  / _ \/ _  /
/_/\_\\_,_/\__/\_,_/_//_/\_,_/							 

		projectdiscovery.io

[[34mINF[0m] Current katana version v1.0.1 ([91moutdated[0m)
[[34mINF[0m] Started standard crawling for => http://www.itsecgames.com/index.php?a=Admin
'c' ²»ÊÇÄÚ²¿»òÍâ²¿ÃüÁî£¬Ò²²»ÊÇ¿ÉÔËĞĞµÄ³ÌĞò
»òÅú´¦ÀíÎÄ¼ş¡£
'm' ²»ÊÇÄÚ²¿»òÍâ²¿ÃüÁî£¬Ò²²»ÊÇ¿ÉÔËĞĞµÄ³ÌĞò
»òÅú´¦ÀíÎÄ¼ş¡£
)
2023/07/03 20:47:24 è¿è¡Œç»“æŸ
2023/07/03 20:47:41 è¿è¡Œç»“æŸ
2023/07/03 20:47:58 è¿è¡Œç»“æŸ
2023/07/03 20:48:15 è¿è¡Œç»“æŸ
2023/07/03 20:48:33 è¿è¡Œç»“æŸ
2023/07/03 20:48:50 è¿è¡Œç»“æŸ
2023/07/03 20:49:13 è¿è¡Œç»“æŸ
2023/07/03 20:49:25 katanascan cmd.Run() failed with exit status 255
%!(EXTRA string=
   __        __                
  / /_____ _/ /____ ____  ___ _
 /  '_/ _  / __/ _  / _ \/ _  /
/_/\_\\_,_/\__/\_,_/_//_/\_,_/							 

		projectdiscovery.io

[[34mINF[0m] Current katana version v1.0.1 ([91moutdated[0m)
[[34mINF[0m] Started standard crawling for => http://www.itsecgames.com/index.php?a=Admin
'c' ²»ÊÇÄÚ²¿»òÍâ²¿ÃüÁî£¬Ò²²»ÊÇ¿ÉÔËĞĞµÄ³ÌĞò
»òÅú´¦ÀíÎÄ¼ş¡£
'm' ²»ÊÇÄÚ²¿»òÍâ²¿ÃüÁî£¬Ò²²»ÊÇ¿ÉÔËĞĞµÄ³ÌĞò
»òÅú´¦ÀíÎÄ¼ş¡£
)
2023/07/03 20:56:38 è¿è¡Œç»“æŸ
2023/07/03 20:56:38 è¿è¡Œç»“æŸ
2023/07/03 20:56:39 è¿è¡Œç»“æŸ
2023/07/03 20:56:39 è¿è¡Œç»“æŸ
2023/07/03 20:56:40 è¿è¡Œç»“æŸ
2023/07/03 20:56:47 è¿è¡Œç»“æŸ
2023/07/03 20:56:54 è¿è¡Œç»“æŸ
2023/07/03 20:57:00 è¿è¡Œç»“æŸ
2023/07/03 20:57:07 è¿è¡Œç»“æŸ
2023/07/03 20:57:08 è¿è¡Œç»“æŸ
2023/07/03 20:57:14 è¿è¡Œç»“æŸ
2023/07/03 20:57:21 è¿è¡Œç»“æŸ
2023/07/03 20:57:28 è¿è¡Œç»“æŸ
2023/07/03 20:57:35 è¿è¡Œç»“æŸ
2023/07/03 20:57:41 è¿è¡Œç»“æŸ
2023/07/03 20:57:48 è¿è¡Œç»“æŸ
2023/07/03 20:57:55 è¿è¡Œç»“æŸ
2023/07/03 20:58:01 è¿è¡Œç»“æŸ
2023/07/03 20:58:10 è¿è¡Œç»“æŸ
2023/07/03 20:58:17 è¿è¡Œç»“æŸ
2023/07/03 20:58:24 è¿è¡Œç»“æŸ
2023/07/03 20:58:32 è¿è¡Œç»“æŸ
2023/07/03 20:58:58 è¿è¡Œç»“æŸ
2023/07/03 20:58:58 è¿è¡Œç»“æŸ
2023/07/03 20:59:06 è¿è¡Œç»“æŸ
2023/07/03 20:59:13 è¿è¡Œç»“æŸ
2023/07/03 20:59:20 è¿è¡Œç»“æŸ
2023/07/03 20:59:27 è¿è¡Œç»“æŸ
2023/07/03 20:59:35 è¿è¡Œç»“æŸ
2023/07/03 20:59:42 è¿è¡Œç»“æŸ
2023/07/03 20:59:48 è¿è¡Œç»“æŸ
2023/07/03 20:59:55 è¿è¡Œç»“æŸ
2023/07/03 21:00:02 è¿è¡Œç»“æŸ
2023/07/03 21:00:09 è¿è¡Œç»“æŸ
2023/07/03 21:00:09 è¿è¡Œç»“æŸ
2023/07/03 21:00:16 è¿è¡Œç»“æŸ
2023/07/03 21:00:17 è¿è¡Œç»“æŸ
2023/07/03 21:00:17 è¿è¡Œç»“æŸ
2023/07/03 21:00:18 è¿è¡Œç»“æŸ
2023/07/03 21:00:18 è¿è¡Œç»“æŸ
2023/07/03 21:00:19 è¿è¡Œç»“æŸ
2023/07/03 21:00:28 è¿è¡Œç»“æŸ
2023/07/03 21:00:37 è¿è¡Œç»“æŸ
2023/07/03 21:00:50 è¿è¡Œç»“æŸ
2023/07/03 21:00:59 è¿è¡Œç»“æŸ
2023/07/03 21:03:55 è¿è¡Œç»“æŸ
2023/07/03 21:03:56 è¿è¡Œç»“æŸ
2023/07/03 21:03:56 è¿è¡Œç»“æŸ
2023/07/03 21:03:57 è¿è¡Œç»“æŸ
2023/07/03 21:03:57 è¿è¡Œç»“æŸ
2023/07/03 21:03:58 è¿è¡Œç»“æŸ
2023/07/03 21:03:58 è¿è¡Œç»“æŸ
2023/07/03 21:04:05 è¿è¡Œç»“æŸ
2023/07/03 21:04:12 è¿è¡Œç»“æŸ
2023/07/03 21:04:19 è¿è¡Œç»“æŸ
2023/07/03 21:04:27 è¿è¡Œç»“æŸ
2023/07/03 21:04:27 è¿è¡Œç»“æŸ
2023/07/03 21:04:34 è¿è¡Œç»“æŸ
2023/07/03 21:04:41 è¿è¡Œç»“æŸ
2023/07/03 21:04:47 è¿è¡Œç»“æŸ
2023/07/03 21:04:54 è¿è¡Œç»“æŸ
2023/07/03 21:05:01 è¿è¡Œç»“æŸ
2023/07/03 21:05:08 è¿è¡Œç»“æŸ
2023/07/03 21:05:15 è¿è¡Œç»“æŸ
2023/07/03 21:05:21 è¿è¡Œç»“æŸ
2023/07/03 21:05:28 è¿è¡Œç»“æŸ
2023/07/03 21:05:35 è¿è¡Œç»“æŸ
2023/07/03 21:05:43 è¿è¡Œç»“æŸ
2023/07/03 21:05:50 è¿è¡Œç»“æŸ
2023/07/03 21:06:16 è¿è¡Œç»“æŸ
2023/07/03 21:06:17 è¿è¡Œç»“æŸ
2023/07/03 21:06:24 è¿è¡Œç»“æŸ
2023/07/03 21:06:32 è¿è¡Œç»“æŸ
2023/07/03 21:06:39 è¿è¡Œç»“æŸ
2023/07/03 21:06:46 è¿è¡Œç»“æŸ
2023/07/03 21:06:53 è¿è¡Œç»“æŸ
2023/07/03 21:07:02 è¿è¡Œç»“æŸ
2023/07/03 21:07:09 è¿è¡Œç»“æŸ
2023/07/03 21:07:16 è¿è¡Œç»“æŸ
2023/07/03 21:07:23 è¿è¡Œç»“æŸ
2023/07/03 21:07:30 è¿è¡Œç»“æŸ
2023/07/03 21:07:31 è¿è¡Œç»“æŸ
2023/07/03 21:07:37 è¿è¡Œç»“æŸ
2023/07/03 21:07:38 è¿è¡Œç»“æŸ
2023/07/03 21:07:38 è¿è¡Œç»“æŸ
2023/07/03 21:07:39 è¿è¡Œç»“æŸ
2023/07/03 21:07:40 è¿è¡Œç»“æŸ
2023/07/03 21:07:40 è¿è¡Œç»“æŸ
2023/07/03 21:07:49 è¿è¡Œç»“æŸ
2023/07/03 21:07:58 è¿è¡Œç»“æŸ
2023/07/03 21:08:11 è¿è¡Œç»“æŸ
2023/07/03 21:08:20 è¿è¡Œç»“æŸ
2023/07/03 21:08:21 è¿è¡Œç»“æŸ
2023/07/03 21:29:55 katanascan cmd.Run() failed with exit status 255
%!(EXTRA string=
   __        __                
  / /_____ _/ /____ ____  ___ _
 /  '_/ _  / __/ _  / _ \/ _  /
/_/\_\\_,_/\__/\_,_/_//_/\_,_/							 

		projectdiscovery.io

[[34mINF[0m] Current katana version v1.0.1 ([91moutdated[0m)
[[34mINF[0m] Started standard crawling for => http://www.itsecgames.com/index.php?a=Admin
'c' ²»ÊÇÄÚ²¿»òÍâ²¿ÃüÁî£¬Ò²²»ÊÇ¿ÉÔËĞĞµÄ³ÌĞò
»òÅú´¦ÀíÎÄ¼ş¡£
'm' ²»ÊÇÄÚ²¿»òÍâ²¿ÃüÁî£¬Ò²²»ÊÇ¿ÉÔËĞĞµÄ³ÌĞò
»òÅú´¦ÀíÎÄ¼ş¡£
)
2023/07/03 21:41:55 katanascan cmd.Run() failed with exit status 255
%!(EXTRA string=
   __        __                
  / /_____ _/ /____ ____  ___ _
 /  '_/ _  / __/ _  / _ \/ _  /
/_/\_\\_,_/\__/\_,_/_//_/\_,_/							 

		projectdiscovery.io

[[34mINF[0m] Current katana version v1.0.1 ([91moutdated[0m)
[[34mINF[0m] Started standard crawling for => http://www.itsecgames.com/index.php?a=Admin
'c' ²»ÊÇÄÚ²¿»òÍâ²¿ÃüÁî£¬Ò²²»ÊÇ¿ÉÔËĞĞµÄ³ÌĞò
»òÅú´¦ÀíÎÄ¼ş¡£
'm' ²»ÊÇÄÚ²¿»òÍâ²¿ÃüÁî£¬Ò²²»ÊÇ¿ÉÔËĞĞµÄ³ÌĞò
»òÅú´¦ÀíÎÄ¼ş¡£
)
2023/07/03 21:48:55 katanascan cmd.Run() failed with exit status 255
%!(EXTRA string=
   __        __                
  / /_____ _/ /____ ____  ___ _
 /  '_/ _  / __/ _  / _ \/ _  /
/_/\_\\_,_/\__/\_,_/_//_/\_,_/							 

		projectdiscovery.io

[[34mINF[0m] Current katana version v1.0.1 ([91moutdated[0m)
[[34mINF[0m] Started standard crawling for => http://www.itsecgames.com/index.php?a=Admin
'c' ²»ÊÇÄÚ²¿»òÍâ²¿ÃüÁî£¬Ò²²»ÊÇ¿ÉÔËĞĞµÄ³ÌĞò
»òÅú´¦ÀíÎÄ¼ş¡£
'm' ²»ÊÇÄÚ²¿»òÍâ²¿ÃüÁî£¬Ò²²»ÊÇ¿ÉÔËĞĞµÄ³ÌĞò
»òÅú´¦ÀíÎÄ¼ş¡£
)
2023/07/03 21:58:17 katanascan cmd.Run() failed with exit status 255
%!(EXTRA string=
   __        __                
  / /_____ _/ /____ ____  ___ _
 /  '_/ _  / __/ _  / _ \/ _  /
/_/\_\\_,_/\__/\_,_/_//_/\_,_/							 

		projectdiscovery.io

[[34mINF[0m] Current katana version v1.0.1 ([91moutdated[0m)
[[34mINF[0m] Started standard crawling for => http://www.itsecgames.com/index.php?a=Admin
'c' ²»ÊÇÄÚ²¿»òÍâ²¿ÃüÁî£¬Ò²²»ÊÇ¿ÉÔËĞĞµÄ³ÌĞò
»òÅú´¦ÀíÎÄ¼ş¡£
'm' ²»ÊÇÄÚ²¿»òÍâ²¿ÃüÁî£¬Ò²²»ÊÇ¿ÉÔËĞĞµÄ³ÌĞò
»òÅú´¦ÀíÎÄ¼ş¡£
)
2023/07/03 22:04:08 katanascan cmd.Run() failed with exit status 255
%!(EXTRA string=
   __        __                
  / /_____ _/ /____ ____  ___ _
 /  '_/ _  / __/ _  / _ \/ _  /
/_/\_\\_,_/\__/\_,_/_//_/\_,_/							 

		projectdiscovery.io

[[34mINF[0m] Current katana version v1.0.1 ([91moutdated[0m)
[[34mINF[0m] Started standard crawling for => http://www.itsecgames.com/index.php?a=Admin
'c' ²»ÊÇÄÚ²¿»òÍâ²¿ÃüÁî£¬Ò²²»ÊÇ¿ÉÔËĞĞµÄ³ÌĞò
»òÅú´¦ÀíÎÄ¼ş¡£
'm' ²»ÊÇÄÚ²¿»òÍâ²¿ÃüÁî£¬Ò²²»ÊÇ¿ÉÔËĞĞµÄ³ÌĞò
»òÅú´¦ÀíÎÄ¼ş¡£
)
2023/07/03 22:07:21 katanascan cmd.Run() failed with exit status 255
%!(EXTRA string=
   __        __                
  / /_____ _/ /____ ____  ___ _
 /  '_/ _  / __/ _  / _ \/ _  /
/_/\_\\_,_/\__/\_,_/_//_/\_,_/							 

		projectdiscovery.io

[[34mINF[0m] Current katana version v1.0.1 ([91moutdated[0m)
[[34mINF[0m] Started standard crawling for => http://www.itsecgames.com/index.php?a=Admin
'c' ²»ÊÇÄÚ²¿»òÍâ²¿ÃüÁî£¬Ò²²»ÊÇ¿ÉÔËĞĞµÄ³ÌĞò
»òÅú´¦ÀíÎÄ¼ş¡£
'm' ²»ÊÇÄÚ²¿»òÍâ²¿ÃüÁî£¬Ò²²»ÊÇ¿ÉÔËĞĞµÄ³ÌĞò
»òÅú´¦ÀíÎÄ¼ş¡£
)
2023/07/03 22:10:47 katanascan cmd.Run() failed with exit status 255
%!(EXTRA string=
   __        __                
  / /_____ _/ /____ ____  ___ _
 /  '_/ _  / __/ _  / _ \/ _  /
/_/\_\\_,_/\__/\_,_/_//_/\_,_/							 

		projectdiscovery.io

[[34mINF[0m] Current katana version v1.0.1 ([91moutdated[0m)
[[34mINF[0m] Started standard crawling for => http://www.itsecgames.com/index.php?a=Admin
'c' ²»ÊÇÄÚ²¿»òÍâ²¿ÃüÁî£¬Ò²²»ÊÇ¿ÉÔËĞĞµÄ³ÌĞò
»òÅú´¦ÀíÎÄ¼ş¡£
'm' ²»ÊÇÄÚ²¿»òÍâ²¿ÃüÁî£¬Ò²²»ÊÇ¿ÉÔËĞĞµÄ³ÌĞò
»òÅú´¦ÀíÎÄ¼ş¡£
)
2023/07/03 22:14:21 katanascan cmd.Run() failed with exit status 255
%!(EXTRA string=
   __        __                
  / /_____ _/ /____ ____  ___ _
 /  '_/ _  / __/ _  / _ \/ _  /
/_/\_\\_,_/\__/\_,_/_//_/\_,_/							 

		projectdiscovery.io

[[34mINF[0m] Current katana version v1.0.1 ([91moutdated[0m)
[[34mINF[0m] Started standard crawling for => http://www.itsecgames.com/index.php?a=Admin
'c' ²»ÊÇÄÚ²¿»òÍâ²¿ÃüÁî£¬Ò²²»ÊÇ¿ÉÔËĞĞµÄ³ÌĞò
»òÅú´¦ÀíÎÄ¼ş¡£
'm' ²»ÊÇÄÚ²¿»òÍâ²¿ÃüÁî£¬Ò²²»ÊÇ¿ÉÔËĞĞµÄ³ÌĞò
»òÅú´¦ÀíÎÄ¼ş¡£
)
2023/07/03 22:17:54 katanascan cmd.Run() failed with exit status 255
%!(EXTRA string=
   __        __                
  / /_____ _/ /____ ____  ___ _
 /  '_/ _  / __/ _  / _ \/ _  /
/_/\_\\_,_/\__/\_,_/_//_/\_,_/							 

		projectdiscovery.io

[[34mINF[0m] Current katana version v1.0.1 ([91moutdated[0m)
[[34mINF[0m] Started standard crawling for => http://www.itsecgames.com/index.php?a=Admin
'c' ²»ÊÇÄÚ²¿»òÍâ²¿ÃüÁî£¬Ò²²»ÊÇ¿ÉÔËĞĞµÄ³ÌĞò
»òÅú´¦ÀíÎÄ¼ş¡£
'm' ²»ÊÇÄÚ²¿»òÍâ²¿ÃüÁî£¬Ò²²»ÊÇ¿ÉÔËĞĞµÄ³ÌĞò
»òÅú´¦ÀíÎÄ¼ş¡£
)
2023/07/03 22:22:37 katanascan cmd.Run() failed with exit status 255
%!(EXTRA string=
   __        __                
  / /_____ _/ /____ ____  ___ _
 /  '_/ _  / __/ _  / _ \/ _  /
/_/\_\\_,_/\__/\_,_/_//_/\_,_/							 

		projectdiscovery.io

[[34mINF[0m] Current katana version v1.0.1 ([91moutdated[0m)
[[34mINF[0m] Started standard crawling for => http://www.itsecgames.com/index.php?a=Admin
'c' ²»ÊÇÄÚ²¿»òÍâ²¿ÃüÁî£¬Ò²²»ÊÇ¿ÉÔËĞĞµÄ³ÌĞò
»òÅú´¦ÀíÎÄ¼ş¡£
'm' ²»ÊÇÄÚ²¿»òÍâ²¿ÃüÁî£¬Ò²²»ÊÇ¿ÉÔËĞĞµÄ³ÌĞò
»òÅú´¦ÀíÎÄ¼ş¡£
)
2023/07/03 22:28:04 katanascan cmd.Run() failed with exit status 255
%!(EXTRA string=
   __        __                
  / /_____ _/ /____ ____  ___ _
 /  '_/ _  / __/ _  / _ \/ _  /
/_/\_\\_,_/\__/\_,_/_//_/\_,_/							 

		projectdiscovery.io

[[34mINF[0m] Current katana version v1.0.1 ([91moutdated[0m)
[[34mINF[0m] Started standard crawling for => http://www.itsecgames.com/index.php?a=Admin
'c' ²»ÊÇÄÚ²¿»òÍâ²¿ÃüÁî£¬Ò²²»ÊÇ¿ÉÔËĞĞµÄ³ÌĞò
»òÅú´¦ÀíÎÄ¼ş¡£
'm' ²»ÊÇÄÚ²¿»òÍâ²¿ÃüÁî£¬Ò²²»ÊÇ¿ÉÔËĞĞµÄ³ÌĞò
»òÅú´¦ÀíÎÄ¼ş¡£
)
2023/07/03 22:37:38 katanascan cmd.Run() failed with exit status 255
%!(EXTRA string=
   __        __                
  / /_____ _/ /____ ____  ___ _
 /  '_/ _  / __/ _  / _ \/ _  /
/_/\_\\_,_/\__/\_,_/_//_/\_,_/							 

		projectdiscovery.io

[[34mINF[0m] Current katana version v1.0.1 ([91moutdated[0m)
[[34mINF[0m] Started standard crawling for => http://www.itsecgames.com/index.php?a=Admin
'c' ²»ÊÇÄÚ²¿»òÍâ²¿ÃüÁî£¬Ò²²»ÊÇ¿ÉÔËĞĞµÄ³ÌĞò
»òÅú´¦ÀíÎÄ¼ş¡£
'm' ²»ÊÇÄÚ²¿»òÍâ²¿ÃüÁî£¬Ò²²»ÊÇ¿ÉÔËĞĞµÄ³ÌĞò
»òÅú´¦ÀíÎÄ¼ş¡£
)
2023/07/03 22:44:51 katanascan cmd.Run() failed with exit status 255
%!(EXTRA string=
   __        __                
  / /_____ _/ /____ ____  ___ _
 /  '_/ _  / __/ _  / _ \/ _  /
/_/\_\\_,_/\__/\_,_/_//_/\_,_/							 

		projectdiscovery.io

[[34mINF[0m] Current katana version v1.0.1 ([91moutdated[0m)
[[34mINF[0m] Started standard crawling for => http://www.itsecgames.com/index.php?a=Admin
'c' ²»ÊÇÄÚ²¿»òÍâ²¿ÃüÁî£¬Ò²²»ÊÇ¿ÉÔËĞĞµÄ³ÌĞò
»òÅú´¦ÀíÎÄ¼ş¡£
'm' ²»ÊÇÄÚ²¿»òÍâ²¿ÃüÁî£¬Ò²²»ÊÇ¿ÉÔËĞĞµÄ³ÌĞò
»òÅú´¦ÀíÎÄ¼ş¡£
)
2023/07/03 22:59:52 katanascan cmd.Run() failed with exit status 255
%!(EXTRA string=
   __        __                
  / /_____ _/ /____ ____  ___ _
 /  '_/ _  / __/ _  / _ \/ _  /
/_/\_\\_,_/\__/\_,_/_//_/\_,_/							 

		projectdiscovery.io

[[34mINF[0m] Current katana version v1.0.1 ([91moutdated[0m)
[[34mINF[0m] Started standard crawling for => http://www.itsecgames.com/index.php?a=Admin
'c' ²»ÊÇÄÚ²¿»òÍâ²¿ÃüÁî£¬Ò²²»ÊÇ¿ÉÔËĞĞµÄ³ÌĞò
»òÅú´¦ÀíÎÄ¼ş¡£
'm' ²»ÊÇÄÚ²¿»òÍâ²¿ÃüÁî£¬Ò²²»ÊÇ¿ÉÔËĞĞµÄ³ÌĞò
»òÅú´¦ÀíÎÄ¼ş¡£
)
2023/07/03 23:04:41 katanascan cmd.Run() failed with exit status 255
%!(EXTRA string=
   __        __                
  / /_____ _/ /____ ____  ___ _
 /  '_/ _  / __/ _  / _ \/ _  /
/_/\_\\_,_/\__/\_,_/_//_/\_,_/							 

		projectdiscovery.io

[[34mINF[0m] Current katana version v1.0.1 ([91moutdated[0m)
[[34mINF[0m] Started standard crawling for => http://www.itsecgames.com/index.php?a=Admin
'c' ²»ÊÇÄÚ²¿»òÍâ²¿ÃüÁî£¬Ò²²»ÊÇ¿ÉÔËĞĞµÄ³ÌĞò
»òÅú´¦ÀíÎÄ¼ş¡£
'm' ²»ÊÇÄÚ²¿»òÍâ²¿ÃüÁî£¬Ò²²»ÊÇ¿ÉÔËĞĞµÄ³ÌĞò
»òÅú´¦ÀíÎÄ¼ş¡£
)
2023/07/03 23:08:06 katanascan cmd.Run() failed with exit status 255
%!(EXTRA string=
   __        __                
  / /_____ _/ /____ ____  ___ _
 /  '_/ _  / __/ _  / _ \/ _  /
/_/\_\\_,_/\__/\_,_/_//_/\_,_/							 

		projectdiscovery.io

[[34mINF[0m] Current katana version v1.0.1 ([91moutdated[0m)
[[34mINF[0m] Started standard crawling for => http://www.itsecgames.com/index.php?a=Admin
'c' ²»ÊÇÄÚ²¿»òÍâ²¿ÃüÁî£¬Ò²²»ÊÇ¿ÉÔËĞĞµÄ³ÌĞò
»òÅú´¦ÀíÎÄ¼ş¡£
'm' ²»ÊÇÄÚ²¿»òÍâ²¿ÃüÁî£¬Ò²²»ÊÇ¿ÉÔËĞĞµÄ³ÌĞò
»òÅú´¦ÀíÎÄ¼ş¡£
)
2023/07/03 23:17:20 katanascan cmd.Run() failed with exit status 255
%!(EXTRA string=
   __        __                
  / /_____ _/ /____ ____  ___ _
 /  '_/ _  / __/ _  / _ \/ _  /
/_/\_\\_,_/\__/\_,_/_//_/\_,_/							 

		projectdiscovery.io

[[34mINF[0m] Current katana version v1.0.1 ([91moutdated[0m)
[[34mINF[0m] Started standard crawling for => http://www.itsecgames.com/index.php?a=Admin
'c' ²»ÊÇÄÚ²¿»òÍâ²¿ÃüÁî£¬Ò²²»ÊÇ¿ÉÔËĞĞµÄ³ÌĞò
»òÅú´¦ÀíÎÄ¼ş¡£
'm' ²»ÊÇÄÚ²¿»òÍâ²¿ÃüÁî£¬Ò²²»ÊÇ¿ÉÔËĞĞµÄ³ÌĞò
»òÅú´¦ÀíÎÄ¼ş¡£
)
2023/07/03 23:19:45 è¿è¡Œç»“æŸ
2023/07/03 23:19:45 è¿è¡Œç»“æŸ
2023/07/03 23:19:53 è¿è¡Œç»“æŸ
2023/07/03 23:19:53 è¿è¡Œç»“æŸ
2023/07/03 23:19:54 è¿è¡Œç»“æŸ
2023/07/03 23:19:54 è¿è¡Œç»“æŸ
2023/07/03 23:19:55 è¿è¡Œç»“æŸ
2023/07/03 23:20:01 è¿è¡Œç»“æŸ
2023/07/03 23:20:08 è¿è¡Œç»“æŸ
2023/07/03 23:20:14 è¿è¡Œç»“æŸ
2023/07/03 23:20:21 è¿è¡Œç»“æŸ
2023/07/03 23:20:21 è¿è¡Œç»“æŸ
2023/07/03 23:20:28 è¿è¡Œç»“æŸ
2023/07/03 23:20:34 è¿è¡Œç»“æŸ
2023/07/03 23:20:40 è¿è¡Œç»“æŸ
2023/07/03 23:20:47 è¿è¡Œç»“æŸ
2023/07/03 23:20:53 è¿è¡Œç»“æŸ
2023/07/03 23:21:00 è¿è¡Œç»“æŸ
2023/07/03 23:21:07 è¿è¡Œç»“æŸ
2023/07/03 23:21:13 è¿è¡Œç»“æŸ
2023/07/03 23:21:19 è¿è¡Œç»“æŸ
2023/07/03 23:21:26 è¿è¡Œç»“æŸ
2023/07/03 23:21:33 è¿è¡Œç»“æŸ
2023/07/03 23:21:39 è¿è¡Œç»“æŸ
2023/07/03 23:21:46 è¿è¡Œç»“æŸ
2023/07/03 23:21:47 è¿è¡Œç»“æŸ
2023/07/03 23:21:54 è¿è¡Œç»“æŸ
2023/07/03 23:22:00 è¿è¡Œç»“æŸ
2023/07/03 23:22:09 è¿è¡Œç»“æŸ
2023/07/03 23:22:16 è¿è¡Œç»“æŸ
2023/07/03 23:22:25 è¿è¡Œç»“æŸ
2023/07/03 23:22:32 è¿è¡Œç»“æŸ
2023/07/03 23:22:38 è¿è¡Œç»“æŸ
2023/07/03 23:22:46 è¿è¡Œç»“æŸ
2023/07/03 23:22:53 è¿è¡Œç»“æŸ
2023/07/03 23:23:00 è¿è¡Œç»“æŸ
2023/07/03 23:23:01 è¿è¡Œç»“æŸ
2023/07/03 23:23:07 è¿è¡Œç»“æŸ
2023/07/03 23:23:08 è¿è¡Œç»“æŸ
2023/07/03 23:23:08 è¿è¡Œç»“æŸ
2023/07/03 23:23:09 è¿è¡Œç»“æŸ
2023/07/03 23:23:09 è¿è¡Œç»“æŸ
2023/07/03 23:23:10 è¿è¡Œç»“æŸ
2023/07/03 23:23:16 è¿è¡Œç»“æŸ
2023/07/03 23:23:23 è¿è¡Œç»“æŸ
2023/07/03 23:23:36 è¿è¡Œç»“æŸ
2023/07/03 23:23:46 è¿è¡Œç»“æŸ
2023/07/03 23:37:29 è¿è¡Œç»“æŸ
2023/07/03 23:37:30 è¿è¡Œç»“æŸ
2023/07/03 23:37:30 è¿è¡Œç»“æŸ
2023/07/03 23:37:31 è¿è¡Œç»“æŸ
2023/07/03 23:37:31 è¿è¡Œç»“æŸ
2023/07/03 23:37:32 è¿è¡Œç»“æŸ
2023/07/03 23:37:40 è¿è¡Œç»“æŸ
2023/07/03 23:37:46 è¿è¡Œç»“æŸ
2023/07/03 23:37:54 è¿è¡Œç»“æŸ
2023/07/03 23:42:17 è¿è¡Œç»“æŸ
2023/07/04 00:00:13 è¿è¡Œç»“æŸ
2023/07/04 00:04:41 è¿è¡Œç»“æŸ
2023/07/04 00:04:41 æ–‡ä»¶æ‰“å¼€å¤±è´¥ =  open ./tools/xray/result/2023-07-04vulnweb.com.html: The system cannot find the file specified.
2023/07/04 00:09:32 è¿è¡Œç»“æŸ
2023/07/04 00:09:32 æ–‡ä»¶æ‰“å¼€å¤±è´¥ =  open ./tools/xray/result/2023-07-04vulnweb.com.html: The system cannot find the file specified.
2023/07/04 00:14:02 è¿è¡Œç»“æŸ
2023/07/04 00:14:07 æ–‡ä»¶æ‰“å¼€å¤±è´¥ =  open ./tools/xray/result/2023-07-04vulnweb.com.html: The system cannot find the file specified.
2023/07/04 00:20:04 è¿è¡Œç»“æŸ
2023/07/04 00:21:31 è¿è¡Œç»“æŸ
2023/07/04 00:24:31 è¿è¡Œç»“æŸ
2023/07/04 00:26:20 è¿è¡Œç»“æŸ
2023/07/04 00:30:31 è¿è¡Œç»“æŸ
2023/07/04 00:32:24 è¿è¡Œç»“æŸ
2023/07/04 00:33:24 è¿è¡Œç»“æŸ
2023/07/04 11:25:54 è¿è¡Œç»“æŸ
2023/07/04 16:40:02 è¿è¡Œç»“æŸ
2023/07/04 16:48:07 è¿è¡Œç»“æŸ
2023/07/04 16:58:07 è¿è¡Œç»“æŸ
2023/07/05 10:30:19 è¿è¡Œç»“æŸ
2023/07/05 10:44:55 è¿è¡Œç»“æŸ
2023/07/06 10:23:48 è¿è¡Œç»“æŸ
2023/07/06 10:24:29 è¿è¡Œç»“æŸ
2023/07/06 10:25:10 è¿è¡Œç»“æŸ
2023/07/06 10:25:51 è¿è¡Œç»“æŸ
2023/07/06 10:26:31 è¿è¡Œç»“æŸ
2023/07/06 10:27:12 è¿è¡Œç»“æŸ
2023/07/06 10:27:51 è¿è¡Œç»“æŸ
2023/07/06 10:28:32 è¿è¡Œç»“æŸ
2023/07/06 10:29:15 è¿è¡Œç»“æŸ
2023/07/06 10:29:59 è¿è¡Œç»“æŸ
2023/07/06 10:29:59 è¿è¡Œç»“æŸ
2023/07/06 10:31:19 è¿è¡Œç»“æŸ
2023/07/06 10:33:12 è¿è¡Œç»“æŸ
2023/07/06 10:35:08 è¿è¡Œç»“æŸ
2023/07/06 10:35:08 è¿è¡Œç»“æŸ
2023/07/06 10:35:09 è¿è¡Œç»“æŸ
2023/07/06 10:35:10 è¿è¡Œç»“æŸ
2023/07/06 10:35:10 è¿è¡Œç»“æŸ
2023/07/06 10:35:11 è¿è¡Œç»“æŸ
2023/07/06 10:36:25 è¿è¡Œç»“æŸ
2023/07/06 10:37:05 è¿è¡Œç»“æŸ
2023/07/06 10:37:05 è¿è¡Œç»“æŸ
2023/07/06 10:37:47 è¿è¡Œç»“æŸ
2023/07/06 10:38:30 è¿è¡Œç»“æŸ
2023/07/06 10:39:12 è¿è¡Œç»“æŸ
2023/07/06 10:39:56 è¿è¡Œç»“æŸ
2023/07/06 10:40:34 è¿è¡Œç»“æŸ
2023/07/06 10:41:18 è¿è¡Œç»“æŸ
2023/07/06 10:42:01 è¿è¡Œç»“æŸ
2023/07/06 10:42:40 è¿è¡Œç»“æŸ
2023/07/06 10:43:54 è¿è¡Œç»“æŸ
2023/07/06 10:44:37 è¿è¡Œç»“æŸ
2023/07/06 10:45:18 è¿è¡Œç»“æŸ
2023/07/06 10:46:00 è¿è¡Œç»“æŸ
2023/07/06 10:46:43 è¿è¡Œç»“æŸ
2023/07/06 10:47:24 è¿è¡Œç»“æŸ
2023/07/06 10:47:25 è¿è¡Œç»“æŸ
2023/07/06 10:48:16 è¿è¡Œç»“æŸ
2023/07/06 10:48:57 è¿è¡Œç»“æŸ
2023/07/06 10:49:39 è¿è¡Œç»“æŸ
2023/07/06 10:50:22 è¿è¡Œç»“æŸ
2023/07/06 10:51:06 è¿è¡Œç»“æŸ
2023/07/06 10:51:47 è¿è¡Œç»“æŸ
2023/07/06 10:52:31 è¿è¡Œç»“æŸ
2023/07/06 10:53:10 è¿è¡Œç»“æŸ
2023/07/06 10:53:57 è¿è¡Œç»“æŸ
2023/07/06 10:53:58 è¿è¡Œç»“æŸ
2023/07/06 10:54:46 è¿è¡Œç»“æŸ
2023/07/06 10:55:30 è¿è¡Œç»“æŸ
2023/07/06 10:55:31 è¿è¡Œç»“æŸ
2023/07/06 10:55:32 è¿è¡Œç»“æŸ
2023/07/06 10:55:32 è¿è¡Œç»“æŸ
2023/07/06 10:55:33 è¿è¡Œç»“æŸ
2023/07/06 10:55:44 è¿è¡Œç»“æŸ
2023/07/06 10:56:25 è¿è¡Œç»“æŸ
2023/07/06 10:56:26 è¿è¡Œç»“æŸ
2023/07/06 10:56:26 è¿è¡Œç»“æŸ
2023/07/06 10:56:27 è¿è¡Œç»“æŸ
2023/07/06 10:56:27 è¿è¡Œç»“æŸ
2023/07/06 10:56:28 è¿è¡Œç»“æŸ
2023/07/06 10:56:28 è¿è¡Œç»“æŸ
2023/07/06 10:56:29 è¿è¡Œç»“æŸ
2023/07/06 10:56:29 è¿è¡Œç»“æŸ
2023/07/06 23:40:51 
2023/07/06 23:41:57 è¿è¡Œç»“æŸ
2023/07/06 23:43:50 è¿è¡Œç»“æŸ
2023/07/06 23:44:13 è¿è¡Œç»“æŸ
2023/07/06 23:44:37 è¿è¡Œç»“æŸ
2023/07/06 23:45:57 è¿è¡Œç»“æŸ
2023/07/06 23:47:01 è¿è¡Œç»“æŸ
2023/07/06 23:47:25 è¿è¡Œç»“æŸ
2023/07/06 23:47:47 è¿è¡Œç»“æŸ
2023/07/06 23:48:10 è¿è¡Œç»“æŸ
2023/07/06 23:48:37 è¿è¡Œç»“æŸ
2023/07/06 23:49:06 è¿è¡Œç»“æŸ
2023/07/06 23:49:35 è¿è¡Œç»“æŸ
2023/07/06 23:50:04 è¿è¡Œç»“æŸ
2023/07/06 23:50:29 è¿è¡Œç»“æŸ
2023/07/06 23:50:47 è¿è¡Œç»“æŸ
2023/07/06 23:51:14 è¿è¡Œç»“æŸ
2023/07/06 23:51:38 è¿è¡Œç»“æŸ
2023/07/06 23:51:56 è¿è¡Œç»“æŸ
2023/07/06 23:52:13 è¿è¡Œç»“æŸ
2023/07/06 23:52:31 è¿è¡Œç»“æŸ
2023/07/06 23:52:48 è¿è¡Œç»“æŸ
2023/07/06 23:53:17 è¿è¡Œç»“æŸ
2023/07/06 23:53:35 è¿è¡Œç»“æŸ
2023/07/06 23:53:58 è¿è¡Œç»“æŸ
2023/07/06 23:54:10 katanascan cmd.Run() failed with exit status 255
%!(EXTRA string=
   __        __                
  / /_____ _/ /____ ____  ___ _
 /  '_/ _  / __/ _  / _ \/ _  /
/_/\_\\_,_/\__/\_,_/_//_/\_,_/							 

		projectdiscovery.io

[[34mINF[0m] Current katana version v1.0.1 ([91moutdated[0m)
[[34mINF[0m] Started standard crawling for => http://8.210.121.117:8888/index.php?a=Admin
'c' ²»ÊÇÄÚ²¿»òÍâ²¿ÃüÁî£¬Ò²²»ÊÇ¿ÉÔËĞĞµÄ³ÌĞò
»òÅú´¦ÀíÎÄ¼ş¡£
'm' ²»ÊÇÄÚ²¿»òÍâ²¿ÃüÁî£¬Ò²²»ÊÇ¿ÉÔËĞĞµÄ³ÌĞò
»òÅú´¦ÀíÎÄ¼ş¡£
)
2023/07/14 11:24:57 è¿è¡Œç»“æŸ
2023/07/14 11:25:23 è¿è¡Œç»“æŸ
2023/07/14 11:25:46 è¿è¡Œç»“æŸ
2023/07/14 11:26:08 è¿è¡Œç»“æŸ
2023/07/14 11:26:34 è¿è¡Œç»“æŸ
2023/07/14 11:27:00 è¿è¡Œç»“æŸ
2023/07/14 11:27:23 è¿è¡Œç»“æŸ
2023/07/14 11:27:49 è¿è¡Œç»“æŸ
2023/07/14 11:28:15 è¿è¡Œç»“æŸ
2023/07/14 11:28:38 è¿è¡Œç»“æŸ
2023/07/14 11:28:38 è¿è¡Œç»“æŸ
2023/07/14 11:28:39 è¿è¡Œç»“æŸ
2023/07/14 11:28:39 è¿è¡Œç»“æŸ
2023/07/14 11:28:40 è¿è¡Œç»“æŸ
2023/07/14 11:28:40 è¿è¡Œç»“æŸ
2023/07/14 11:28:41 è¿è¡Œç»“æŸ
2023/07/14 11:29:07 è¿è¡Œç»“æŸ
2023/07/14 11:29:30 è¿è¡Œç»“æŸ
2023/07/14 11:29:52 è¿è¡Œç»“æŸ
2023/07/14 11:30:19 è¿è¡Œç»“æŸ
2023/07/14 11:30:19 è¿è¡Œç»“æŸ
2023/07/14 11:30:42 è¿è¡Œç»“æŸ
2023/07/14 11:31:05 è¿è¡Œç»“æŸ
2023/07/14 11:31:27 è¿è¡Œç»“æŸ
2023/07/14 11:31:57 è¿è¡Œç»“æŸ
2023/07/14 11:32:23 è¿è¡Œç»“æŸ
2023/07/14 11:32:46 è¿è¡Œç»“æŸ
2023/07/14 11:33:12 è¿è¡Œç»“æŸ
2023/07/14 11:33:34 è¿è¡Œç»“æŸ
2023/07/14 11:34:00 è¿è¡Œç»“æŸ
2023/07/14 11:34:23 è¿è¡Œç»“æŸ
2023/07/14 11:34:49 è¿è¡Œç»“æŸ
2023/07/14 11:35:12 è¿è¡Œç»“æŸ
2023/07/14 11:35:38 è¿è¡Œç»“æŸ
2023/07/14 11:36:04 è¿è¡Œç»“æŸ
2023/07/14 11:36:30 è¿è¡Œç»“æŸ
2023/07/14 11:36:56 è¿è¡Œç»“æŸ
2023/07/14 11:37:23 è¿è¡Œç»“æŸ
2023/07/14 11:37:49 è¿è¡Œç»“æŸ
2023/07/14 11:38:15 è¿è¡Œç»“æŸ
2023/07/14 11:38:38 è¿è¡Œç»“æŸ
2023/07/14 11:38:38 è¿è¡Œç»“æŸ
2023/07/14 11:39:04 è¿è¡Œç»“æŸ
2023/07/14 11:39:30 è¿è¡Œç»“æŸ
2023/07/14 11:39:31 è¿è¡Œç»“æŸ
2023/07/14 11:39:32 è¿è¡Œç»“æŸ
2023/07/14 11:39:32 è¿è¡Œç»“æŸ
2023/07/14 11:39:33 è¿è¡Œç»“æŸ
2023/07/14 11:39:50 è¿è¡Œç»“æŸ
2023/07/14 11:39:51 è¿è¡Œç»“æŸ
2023/07/14 11:39:51 è¿è¡Œç»“æŸ
2023/07/14 11:39:57 è¿è¡Œç»“æŸ
2023/07/14 11:39:57 è¿è¡Œç»“æŸ
2023/07/14 11:39:58 è¿è¡Œç»“æŸ
2023/07/14 11:39:58 è¿è¡Œç»“æŸ
2023/07/14 11:39:59 è¿è¡Œç»“æŸ
2023/07/14 11:39:59 è¿è¡Œç»“æŸ
2023/07/14 11:40:00 è¿è¡Œç»“æŸ
2023/07/14 11:40:00 è¿è¡Œç»“æŸ
2023/07/14 11:40:01 è¿è¡Œç»“æŸ
2023/07/14 11:40:02 è¿è¡Œç»“æŸ
2023/07/14 11:40:02 è¿è¡Œç»“æŸ
2023/07/14 11:40:03 è¿è¡Œç»“æŸ
2023/07/14 11:40:03 è¿è¡Œç»“æŸ
2023/07/14 11:40:04 è¿è¡Œç»“æŸ
2023/07/14 11:40:04 è¿è¡Œç»“æŸ
2023/07/14 12:28:24 è¿è¡Œç»“æŸ
2023/07/14 12:31:45 è¿è¡Œç»“æŸ
2023/07/18 16:15:53 JSFinderPlus cmd.Run() failed with exit status 1
%!(EXTRA string='pwId' ²»ÊÇÄÚ²¿»òÍâ²¿ÃüÁî£¬Ò²²»ÊÇ¿ÉÔËĞĞµÄ³ÌĞò
»òÅú´¦ÀíÎÄ¼ş¡£
'plt' ²»ÊÇÄÚ²¿»òÍâ²¿ÃüÁî£¬Ò²²»ÊÇ¿ÉÔËĞĞµÄ³ÌĞò
»òÅú´¦ÀíÎÄ¼ş¡£
'pkgId' ²»ÊÇÄÚ²¿»òÍâ²¿ÃüÁî£¬Ò²²»ÊÇ¿ÉÔËĞĞµÄ³ÌĞò
»òÅú´¦ÀíÎÄ¼ş¡£
'pageId' ²»ÊÇÄÚ²¿»òÍâ²¿ÃüÁî£¬Ò²²»ÊÇ¿ÉÔËĞĞµÄ³ÌĞò
»òÅú´¦ÀíÎÄ¼ş¡£
'channel_id' ²»ÊÇÄÚ²¿»òÍâ²¿ÃüÁî£¬Ò²²»ÊÇ¿ÉÔËĞĞµÄ³ÌĞò
»òÅú´¦ÀíÎÄ¼ş¡£
'channelId' ²»ÊÇÄÚ²¿»òÍâ²¿ÃüÁî£¬Ò²²»ÊÇ¿ÉÔËĞĞµÄ³ÌĞò
»òÅú´¦ÀíÎÄ¼ş¡£
)
2023/10/02 15:21:02 
2023/10/02 15:30:32 katanascan cmd.Run() failed with exit status 255
%!(EXTRA string=
   __        __                
  / /_____ _/ /____ ____  ___ _
 /  '_/ _  / __/ _  / _ \/ _  /
/_/\_\\_,_/\__/\_,_/_//_/\_,_/							 

		projectdiscovery.io

[[34mINF[0m] Current katana version v1.0.1 ([91moutdated[0m)
[[34mINF[0m] Started standard crawling for => http://8.210.121.117:8888/index.php?a=Admin
'c' ²»ÊÇÄÚ²¿»òÍâ²¿ÃüÁî£¬Ò²²»ÊÇ¿ÉÔËĞĞµÄ³ÌĞò
»òÅú´¦ÀíÎÄ¼ş¡£
'm' ²»ÊÇÄÚ²¿»òÍâ²¿ÃüÁî£¬Ò²²»ÊÇ¿ÉÔËĞĞµÄ³ÌĞò
»òÅú´¦ÀíÎÄ¼ş¡£
)
2023/11/29 15:13:45 FindSomeThingscan cmd.Run() failed with exit status 2
%!(EXTRA string=usage: scan.py [-h] [-u URL] [-f FILE] [-m] [-p] [-o OUTPUTURL] [-i] [-up]
scan.py: error: unrecognized arguments: result\2023-11-29-36-155-98-112-8080.txt
)
